<?xml version="1.0" encoding="UTF-8"?>
<!-- Generated by org.testng.reporters.JUnitReportReporter -->
<testsuite hostname="DESKTOP-HR7OA0S" name="tests.TestRetrieveInvoiceInfo" tests="4" failures="0" timestamp="1 Feb 2016 13:56:46 GMT" time="266.336" errors="0">
  <testcase name="test_1485" time="66.405" classname="tests.TestRetrieveInvoiceInfo"/>
  <testcase name="test_1463" time="67.473" classname="tests.TestRetrieveInvoiceInfo"/>
  <testcase name="test_1492" time="66.423" classname="tests.TestRetrieveInvoiceInfo"/>
  <testcase name="test_1467" time="66.035" classname="tests.TestRetrieveInvoiceInfo"/>
</testsuite> <!-- tests.TestRetrieveInvoiceInfo -->
