<?xml version="1.0" encoding="UTF-8"?>
<!-- Generated by org.testng.reporters.JUnitReportReporter -->
<testsuite hostname="DESKTOP-HR7OA0S" name="tests.TestInvoiceHeaders" tests="3" failures="0" timestamp="1 Feb 2016 13:56:46 GMT" time="198.179" errors="0">
  <testcase name="test_1368" time="67.225" classname="tests.TestInvoiceHeaders"/>
  <testcase name="test_1413_1427" time="64.372" classname="tests.TestInvoiceHeaders"/>
  <testcase name="test_1432" time="66.582" classname="tests.TestInvoiceHeaders"/>
</testsuite> <!-- tests.TestInvoiceHeaders -->
