<?xml version="1.0" encoding="UTF-8"?>
<!-- Generated by org.testng.reporters.JUnitReportReporter -->
<testsuite hostname="DESKTOP-HR7OA0S" name="tests.TestExtInvSupPortal" tests="26" failures="0" timestamp="28 Jan 2016 14:45:02 GMT" time="204.461" errors="0">
  <testcase name="test_1499" time="8.806" classname="tests.TestExtInvSupPortal"/>
  <testcase name="test_1506_7" time="5.989" classname="tests.TestExtInvSupPortal"/>
  <testcase name="test_1615" time="7.461" classname="tests.TestExtInvSupPortal"/>
  <testcase name="test_1506_3" time="8.322" classname="tests.TestExtInvSupPortal"/>
  <testcase name="test_1506_6" time="8.537" classname="tests.TestExtInvSupPortal"/>
  <testcase name="test_1483" time="7.851" classname="tests.TestExtInvSupPortal"/>
  <testcase name="test_1506_1" time="6.699" classname="tests.TestExtInvSupPortal"/>
  <testcase name="test_1506_9" time="9.290" classname="tests.TestExtInvSupPortal"/>
  <testcase name="test_1339" time="24.382" classname="tests.TestExtInvSupPortal"/>
  <testcase name="test_1506_2" time="7.121" classname="tests.TestExtInvSupPortal"/>
  <testcase name="test_1455" time="7.110" classname="tests.TestExtInvSupPortal"/>
  <testcase name="test_1458" time="5.905" classname="tests.TestExtInvSupPortal"/>
  <testcase name="test_1549" time="10.159" classname="tests.TestExtInvSupPortal"/>
  <testcase name="test_1506_10" time="9.945" classname="tests.TestExtInvSupPortal"/>
  <testcase name="test_1498" time="6.478" classname="tests.TestExtInvSupPortal"/>
  <testcase name="test_1506_11" time="9.854" classname="tests.TestExtInvSupPortal"/>
  <testcase name="test_1506_13" time="7.026" classname="tests.TestExtInvSupPortal"/>
  <testcase name="test_1466_1532" time="6.277" classname="tests.TestExtInvSupPortal"/>
  <testcase name="test_1506_8" time="10.138" classname="tests.TestExtInvSupPortal"/>
  <testcase name="test_1506_5" time="9.282" classname="tests.TestExtInvSupPortal"/>
  <testcase name="test_1506_14" time="6.535" classname="tests.TestExtInvSupPortal"/>
  <testcase name="test_1506_12" time="7.559" classname="tests.TestExtInvSupPortal"/>
  <testcase name="test_1506_4" time="8.953" classname="tests.TestExtInvSupPortal"/>
  <testcase name="test_1479" time="2.873" classname="tests.TestExtInvSupPortal"/>
  <testcase name="test_1442" time="0.994" classname="tests.TestExtInvSupPortal"/>
  <testcase name="test_1503" time="0.915" classname="tests.TestExtInvSupPortal"/>
</testsuite> <!-- tests.TestExtInvSupPortal -->
