<?xml version="1.0" encoding="UTF-8"?>
<!-- Generated by org.testng.reporters.JUnitReportReporter -->
<testsuite hostname="DESKTOP-HR7OA0S" name="tests.TestExtInvSupPortal" tests="27" failures="1" timestamp="25 Jan 2016 11:48:22 GMT" time="129.966" errors="0">
  <testcase name="test_1499" time="5.614" classname="tests.TestExtInvSupPortal"/>
  <testcase name="test_1506_10" time="6.745" classname="tests.TestExtInvSupPortal"/>
  <testcase name="test_1549" time="8.086" classname="tests.TestExtInvSupPortal"/>
  <testcase name="test_1408" time="0.597" classname="tests.TestExtInvSupPortal"/>
  <testcase name="test_1506_6" time="5.646" classname="tests.TestExtInvSupPortal"/>
  <testcase name="test_1339" time="4.695" classname="tests.TestExtInvSupPortal"/>
  <testcase name="test_1442" time="0.650" classname="tests.TestExtInvSupPortal"/>
  <testcase name="test_1483" time="3.902" classname="tests.TestExtInvSupPortal"/>
  <testcase name="test_1506_9" time="5.871" classname="tests.TestExtInvSupPortal"/>
  <testcase name="test_1506_5" time="4.459" classname="tests.TestExtInvSupPortal"/>
  <testcase name="test_1506_11" time="6.363" classname="tests.TestExtInvSupPortal"/>
  <testcase name="test_1506_12" time="5.527" classname="tests.TestExtInvSupPortal"/>
  <testcase name="test_1506_14" time="5.550" classname="tests.TestExtInvSupPortal"/>
  <testcase name="test_1466" time="3.922" classname="tests.TestExtInvSupPortal"/>
  <testcase name="test_1506_1" time="6.811" classname="tests.TestExtInvSupPortal"/>
  <testcase name="test_1506_8" time="5.405" classname="tests.TestExtInvSupPortal"/>
  <testcase name="test_1506_7" time="5.224" classname="tests.TestExtInvSupPortal"/>
  <testcase name="test_1506_4" time="5.396" classname="tests.TestExtInvSupPortal"/>
  <testcase name="test_1506_3" time="4.924" classname="tests.TestExtInvSupPortal">
    <failure type="java.lang.AssertionError" message="expected [true] but found [false]">
      <![CDATA[java.lang.AssertionError: expected [true] but found [false]
	at org.testng.Assert.fail(Assert.java:94)
	at org.testng.Assert.failNotEquals(Assert.java:513)
	at org.testng.Assert.assertTrue(Assert.java:42)
	at org.testng.Assert.assertTrue(Assert.java:52)
	at tests.TestExtInvSupPortal.checkFileExtension(TestExtInvSupPortal.java:482)
	at tests.TestExtInvSupPortal.test_1506_3(TestExtInvSupPortal.java:522)
	at sun.reflect.NativeMethodAccessorImpl.invoke0(Native Method)
	at sun.reflect.NativeMethodAccessorImpl.invoke(NativeMethodAccessorImpl.java:57)
	at sun.reflect.DelegatingMethodAccessorImpl.invoke(DelegatingMethodAccessorImpl.java:43)
	at java.lang.reflect.Method.invoke(Method.java:606)
	at org.testng.internal.MethodInvocationHelper.invokeMethod(MethodInvocationHelper.java:86)
	at org.testng.internal.Invoker.invokeMethod(Invoker.java:645)
	at org.testng.internal.Invoker.invokeTestMethod(Invoker.java:822)
	at org.testng.internal.Invoker.invokeTestMethods(Invoker.java:1130)
	at org.testng.internal.TestMethodWorker.invokeTestMethods(TestMethodWorker.java:129)
	at org.testng.internal.TestMethodWorker.run(TestMethodWorker.java:112)
	at org.testng.TestRunner.privateRun(TestRunner.java:782)
	at org.testng.TestRunner.run(TestRunner.java:632)
	at org.testng.SuiteRunner.runTest(SuiteRunner.java:366)
	at org.testng.SuiteRunner.runSequentially(SuiteRunner.java:361)
	at org.testng.SuiteRunner.privateRun(SuiteRunner.java:319)
	at org.testng.SuiteRunner.run(SuiteRunner.java:268)
	at org.testng.SuiteRunnerWorker.runSuite(SuiteRunnerWorker.java:52)
	at org.testng.SuiteRunnerWorker.run(SuiteRunnerWorker.java:86)
	at org.testng.TestNG.runSuitesSequentially(TestNG.java:1244)
	at org.testng.TestNG.runSuitesLocally(TestNG.java:1169)
	at org.testng.TestNG.run(TestNG.java:1064)
	at org.testng.remote.RemoteTestNG.run(RemoteTestNG.java:113)
	at org.testng.remote.RemoteTestNG.initAndRun(RemoteTestNG.java:206)
	at org.testng.remote.RemoteTestNG.main(RemoteTestNG.java:177)
]]>
    </failure>
  </testcase> <!-- test_1506_3 -->
  <testcase name="testExternalInvoice" time="5.598" classname="tests.TestExtInvSupPortal"/>
  <testcase name="test_1479" time="2.042" classname="tests.TestExtInvSupPortal"/>
  <testcase name="test_1506_13" time="4.826" classname="tests.TestExtInvSupPortal"/>
  <testcase name="test_1455" time="4.915" classname="tests.TestExtInvSupPortal"/>
  <testcase name="test_1506_2" time="4.160" classname="tests.TestExtInvSupPortal"/>
  <testcase name="test_1498" time="4.284" classname="tests.TestExtInvSupPortal"/>
  <testcase name="test_1503" time="4.954" classname="tests.TestExtInvSupPortal"/>
  <testcase name="test_1458" time="3.800" classname="tests.TestExtInvSupPortal"/>
</testsuite> <!-- tests.TestExtInvSupPortal -->
