<?xml version="1.0" encoding="UTF-8"?>
<!-- Generated by org.testng.reporters.JUnitReportReporter -->
<testsuite hostname="DESKTOP-HR7OA0S" name="tests.TestInvoiceHeaders" tests="3" failures="0" timestamp="16 Feb 2016 12:15:17 GMT" time="123.171" errors="0">
  <testcase name="test_1413_1427" time="41.056" classname="tests.TestInvoiceHeaders"/>
  <testcase name="test_1368" time="41.059" classname="tests.TestInvoiceHeaders"/>
  <testcase name="test_1432" time="41.056" classname="tests.TestInvoiceHeaders"/>
</testsuite> <!-- tests.TestInvoiceHeaders -->
