<?xml version="1.0" encoding="UTF-8"?>
<!-- Generated by org.testng.reporters.JUnitReportReporter -->
<testsuite hostname="DESKTOP-HR7OA0S" name="tests.WarmUpTests" tests="1" failures="0" timestamp="5 Feb 2016 16:29:35 GMT" time="90.129" errors="0">
  <testcase name="executeNormalTest" time="90.129" classname="tests.WarmUpTests"/>
</testsuite> <!-- tests.WarmUpTests -->
