<?xml version="1.0" encoding="UTF-8"?>
<!-- Generated by org.testng.reporters.JUnitReportReporter -->
<testsuite hostname="DESKTOP-HR7OA0S" name="tests.TestExtInvSupPortalDef" tests="1" failures="0" timestamp="27 Jan 2016 19:12:55 GMT" time="1.082" errors="0">
  <testcase name="test_1339" time="1.082" classname="tests.TestExtInvSupPortalDef"/>
</testsuite> <!-- tests.TestExtInvSupPortalDef -->
