<?xml version="1.0" encoding="UTF-8"?>
<!-- Generated by org.testng.reporters.JUnitReportReporter -->
<testsuite hostname="DESKTOP-HR7OA0S" name="tests.TestInvoiceHeaders" tests="3" failures="0" timestamp="1 Feb 2016 11:02:10 GMT" time="39.443" errors="0">
  <testcase name="test_1432" time="13.078" classname="tests.TestInvoiceHeaders"/>
  <testcase name="test_1413_1427" time="13.354" classname="tests.TestInvoiceHeaders"/>
  <testcase name="test_1368" time="13.011" classname="tests.TestInvoiceHeaders"/>
</testsuite> <!-- tests.TestInvoiceHeaders -->
