<?xml version="1.0" encoding="UTF-8"?>
<!-- Generated by org.testng.reporters.JUnitReportReporter -->
<testsuite hostname="DESKTOP-HR7OA0S" name="tests.TestInvoiceHeaders" tests="3" failures="0" timestamp="4 Feb 2016 09:26:42 GMT" time="32.959" errors="0">
  <testcase name="test_1413_1427" time="11.356" classname="tests.TestInvoiceHeaders"/>
  <testcase name="test_1368" time="11.010" classname="tests.TestInvoiceHeaders"/>
  <testcase name="test_1432" time="10.593" classname="tests.TestInvoiceHeaders"/>
</testsuite> <!-- tests.TestInvoiceHeaders -->
