<?xml version="1.0" encoding="UTF-8"?>
<!-- Generated by org.testng.reporters.JUnitReportReporter -->
<testsuite hostname="DESKTOP-HR7OA0S" name="tests.TestExtInvSupPortalDef" tests="1" failures="0" timestamp="27 Jan 2016 14:12:26 GMT" time="9.561" errors="0">
  <testcase name="Atest_1549" time="9.561" classname="tests.TestExtInvSupPortalDef"/>
</testsuite> <!-- tests.TestExtInvSupPortalDef -->
