<?xml version="1.0" encoding="UTF-8"?>
<!-- Generated by org.testng.reporters.JUnitReportReporter -->
<testsuite hostname="DESKTOP-HR7OA0S" name="tests.WarmUpTests" tests="2" failures="2" timestamp="15 Feb 2016 15:05:20 GMT" time="1.860" errors="0">
  <testcase name="createCache" time="1.233" classname="tests.WarmUpTests">
    <failure type="java.lang.AssertionError" message="Status is: 403 expected [true] but found [false]">
      <![CDATA[java.lang.AssertionError: Status is: 403 expected [true] but found [false]
	at org.testng.Assert.fail(Assert.java:94)
	at org.testng.Assert.failNotEquals(Assert.java:513)
	at org.testng.Assert.assertTrue(Assert.java:42)
	at tests.WarmUpTests.createInvoiceReq(WarmUpTests.java:147)
	at tests.WarmUpTests.createCache(WarmUpTests.java:76)
	at sun.reflect.NativeMethodAccessorImpl.invoke0(Native Method)
	at sun.reflect.NativeMethodAccessorImpl.invoke(NativeMethodAccessorImpl.java:57)
	at sun.reflect.DelegatingMethodAccessorImpl.invoke(DelegatingMethodAccessorImpl.java:43)
	at java.lang.reflect.Method.invoke(Method.java:606)
	at org.testng.internal.MethodInvocationHelper.invokeMethod(MethodInvocationHelper.java:86)
	at org.testng.internal.Invoker.invokeMethod(Invoker.java:645)
	at org.testng.internal.Invoker.invokeTestMethod(Invoker.java:822)
	at org.testng.internal.Invoker.invokeTestMethods(Invoker.java:1130)
	at org.testng.internal.TestMethodWorker.invokeTestMethods(TestMethodWorker.java:129)
	at org.testng.internal.TestMethodWorker.run(TestMethodWorker.java:112)
	at org.testng.TestRunner.privateRun(TestRunner.java:782)
	at org.testng.TestRunner.run(TestRunner.java:632)
	at org.testng.SuiteRunner.runTest(SuiteRunner.java:366)
	at org.testng.SuiteRunner.runSequentially(SuiteRunner.java:361)
	at org.testng.SuiteRunner.privateRun(SuiteRunner.java:319)
	at org.testng.SuiteRunner.run(SuiteRunner.java:268)
	at org.testng.SuiteRunnerWorker.runSuite(SuiteRunnerWorker.java:52)
	at org.testng.SuiteRunnerWorker.run(SuiteRunnerWorker.java:86)
	at org.testng.TestNG.runSuitesSequentially(TestNG.java:1244)
	at org.testng.TestNG.runSuitesLocally(TestNG.java:1169)
	at org.testng.TestNG.run(TestNG.java:1064)
	at org.testng.remote.RemoteTestNG.run(RemoteTestNG.java:113)
	at org.testng.remote.RemoteTestNG.initAndRun(RemoteTestNG.java:206)
	at org.testng.remote.RemoteTestNG.main(RemoteTestNG.java:177)
]]>
    </failure>
  </testcase> <!-- createCache -->
  <testcase name="executeNormalTest" time="0.627" classname="tests.WarmUpTests">
    <failure type="java.lang.AssertionError" message="&lt;soapenv:Envelope xmlns:soapenv=&quot;http://schemas.xmlsoap.org/soap/envelope/&quot; xmlns:sup=&quot;http://xmlns.oracle.com/bpmn/bpmnProcess/SupplierPortalApprovalProcess&quot; xmlns:ext=&quot;http://xmlns.oracle.com/bpm/bpmobject/PrePopInvoiceSupplierPortal/ExternalInvoiceSupplierPortal&quot; xmlns:rec=&quot;http://xmlns.oracle.com/bpm/bpmobject/PrePopInvoice/RecordType0&quot; xmlns:rec1=&quot;http://xmlns.oracle.com/bpm/bpmobject/PrePopInvoice/RecordType1&quot; xmlns:rec2=&quot;http://xmlns.oracle.com/bpm/bpmobject/PrePopInvoice/RecordType2&quot; xmlns:rec3=&quot;http://xmlns.oracle.com/bpm/bpmobject/PrePopInvoice/RecordType3&quot; xmlns:sup1=&quot;http://xmlns.oracle.com/bpm/bpmobject/PrePopInvoiceSupplierPortal/SupplierPortalData&quot;&gt;		&lt;soapenv:Header/&gt;	   &lt;soapenv:Body&gt;	      &lt;sup:start&gt;	         &lt;ext:ExternalInvoiceSupplierPortal&gt;	            &lt;ext:invoiceHeader&gt;	               &lt;rec:supplierCode&gt;0000100924&lt;/rec:supplierCode&gt;	               &lt;rec:supplierName/&gt;	               &lt;rec:vjCompanyCode&gt;0200&lt;/rec:vjCompanyCode&gt;	               &lt;rec:vjCompanyName/&gt;	               &lt;rec:invoiceHeader&gt;SupplP3311&lt;/rec:invoiceHeader&gt;	               &lt;rec:invoiceNumber&gt;cd56652e-6776-4f&lt;/rec:invoiceNumber&gt;	               &lt;rec:documentTypeFlag&gt;I&lt;/rec:documentTypeFlag&gt;	               &lt;rec:invoiceDate&gt;2016-02-15T15:02:19&lt;/rec:invoiceDate&gt;	               &lt;rec:invoiceDueDate/&gt;	               &lt;rec:invoiceCurrency&gt;AON&lt;/rec:invoiceCurrency&gt;	               &lt;rec:netAmount&gt;120&lt;/rec:netAmount&gt;	               &lt;rec:vatAmount&gt;104&lt;/rec:vatAmount&gt;	               &lt;rec:totalAmount&gt;2461&lt;/rec:totalAmount&gt;	               &lt;rec:poNumber/&gt;	            &lt;/ext:invoiceHeader&gt;	            &lt;!--1 or more repetitions:	            --&gt;&lt;ext:lineItems&gt;	               &lt;rec1:lineItemNumber&gt;0&lt;/rec1:lineItemNumber&gt;	               &lt;rec1:description&gt;WATER SERVICE&lt;/rec1:description&gt;	               &lt;rec1:currency&gt;USD&lt;/rec1:currency&gt;	               &lt;rec1:signIndicator&gt;D&lt;/rec1:signIndicator&gt;	               &lt;rec1:netAmount&gt;500&lt;/rec1:netAmount&gt;	               &lt;rec1:vatExemptionFlag&gt;0&lt;/rec1:vatExemptionFlag&gt;	               &lt;rec1:vatAmount&gt;502&lt;/rec1:vatAmount&gt;	               &lt;rec1:totalAmount&gt;501&lt;/rec1:totalAmount&gt;	               &lt;rec1:itemDate&gt;2016-02-15T15:02:19&lt;/rec1:itemDate&gt;	               &lt;rec1:svcRenderedAirport&gt;UUWW&lt;/rec1:svcRenderedAirport&gt;	               &lt;rec1:airportFrom&gt;EGLF&lt;/rec1:airportFrom&gt;	               &lt;rec1:airportTo&gt;UKOO&lt;/rec1:airportTo&gt;	               &lt;rec1:aircraftRegistration&gt;OE-GVH&lt;/rec1:aircraftRegistration&gt;	               &lt;rec1:callsign&gt;II&lt;/rec1:callsign&gt;	               &lt;rec1:serviceTypeCode/&gt;	               &lt;rec1:workOrderId/&gt;	               &lt;rec1:periodOfCost/&gt;	               &lt;rec1:unit&gt;TRD&lt;/rec1:unit&gt;	               &lt;rec1:quantity&gt;24&lt;/rec1:quantity&gt;	               &lt;rec1:pricePerUnit&gt;2.7&lt;/rec1:pricePerUnit&gt;	               &lt;rec1:taxCode&gt;A1&lt;/rec1:taxCode&gt;	               &lt;rec1:fullDescription&gt;ddd&lt;/rec1:fullDescription&gt;	            &lt;/ext:lineItems&gt;	            &lt;!--1 or more repetitions:	            --&gt;&lt;ext:invoiceFiles&gt;	               &lt;rec2:contentSize&gt;1000&lt;/rec2:contentSize&gt;	               &lt;rec2:fileType&gt;application/pdf&lt;/rec2:fileType&gt;	               &lt;rec2:fileContent&gt;JVBERi0xLjQKJcOkw7zDtsOfCjIgMCBvYmoKPDwvTGVuZ3RoIDMgMCBSL0ZpbHRlci9GbGF0ZURlY29kZT4+CnN0cmVhbQp4nK1ZS4/bNhC++1foHMAOh28ChoD1Wlu0t7QL9FD01CbtYdMiueTvd16kKPlZOAigkPTo4zw/DrVmB8O3zZfB4L9QwpC9Hb5+3Pz6bvhnAwP9+/rXxvDy500VeGNRg6++0Yv6v/zy9+bTuw0Uv0tDSrBz+Jordpd19jbILEPhmUguZyq5YagvuBhEPYOrUOLOooTB5x+fN+9//OyH47/DBzXBkLqH140vJOUSvvH65/D+BQ2B4fXTb3sD49btjR3T3rhxG/fGm2DiuIW9SeM2700e/d4UXnjCp9mbw7i1e/NMrxxlJfBPezPxLy84BlrM49ZXmCZepWQ3Xj6VBMNquREFRZm6KY0Fhn9kLAAaBgUWmUgodoYF2S+Apx9kQggQdCdcEBzeCSJjya6RlRy3RTftNKzYrnlHlOhUrFbhAiRGgkzvKkIgfzUxcbSaIriiQ1C7ROyoYvK/7TwUesceTwLWO1PGod9F4sB+8bMFBwloF8Iw/v7602Z63awTLQAlrHW7sko0QMsCql/joEpPY+QQQHN2UIleoYNmTAuXaiSBqWZqEqOkZye1PFaUa0l8El+dH1ocVC01AJ7IaSwjGQWdo8go1WEVvKoqm2LG0BXLuVD6heu72DUvsr5q0lP9vblmLhGFlx9FWUk7MZM1ngtHV3kouvg57SRfJA97jGrAI0yiBTJnV8stbyixmPOQeEPUMVIvj+3O41iFFhORYu5sYCFQgiYTkKoVjcdLNJVazlRuiSdbXYIziccqtJjcBPO2k5PJZVt7uGVZxjAkMCi6KsoDV5MEXmOpEeKgSOqUjnQlP1NPoM+jXzFKT+dcHTXLZ/ZkeoUjc0LNEildeVlSVPLGowaNs2tpdMTbJWtX/V2uspoT79HbsmDnlvQCzLV5i1///xnQdrFaWgA9y8PLfOz1pNZxk2daqMbVIKjHZblWN/OKWNIdgeiItDhZT85Xa66wOwwBYsfujhPJAgftMJa9tSNwW6FzOuzs3jrrr6L6UnZhhdq/z7xvyTQZyl5ySvNml88knzHxnYUO34vWjl60iTwElIo2E37h1YvqukxlBsnis+JZwXsiGp1YvTDOKcNhmkZfh+hlDoGnuAXJA+qi8BVKKW5oJA88V4rnFGSSvBkdn6mdXEXngCFHM3Fv9RhuBVdMDH6IMWDLeLZZ5GS6/jK6HFYv485eK8M+8/MiAjrYYV9MnLYKWBRuMI7cksktnPWBPWsp98h5ZiIXO2KCCztgOqKXqPV26y2OnGjP6iZErmBRAhg0bcgNjUomPXz99e7IFWqPaFtYbztRdaJFTpnACHmYZ84BMQ8sRoBXMyXCS9eisg8up6xxaGiM/qQtU492R7pQGAaHqfkaYjgfZ9sfFDPvCdndiev8Lt6RP3J63ALDyl9nsmVScYbqdcHZfFQwy9xQlEnFYxrZsznqgBpbCpOzzCxPo1WSkRziTD0Qb6Iejnn7QDWu4nnU9BMJ5ijNOwaBA4Mrg50wVtPUxcEFaZk8qkpj6kp0zO2CiHTD044EMBo+kjMJqOiYgGScqAWpQotJON+PsPcC9mYzJeeaPYGcR8cQcSM5hQ3EmsxUBUBshisZhRwfDuhsbzOeCtIK8OHjyeEgAbCl9vf13USr4AL62EXZCh0ppxYsQFjy&lt;/rec2:fileContent&gt;	            &lt;/ext:invoiceFiles&gt;	            &lt;ext:invoiceFiles&gt;	               &lt;rec2:contentSize&gt;1000&lt;/rec2:contentSize&gt;	               &lt;rec2:fileType&gt;application/pdf&lt;/rec2:fileType&gt;	               &lt;rec2:fileContent&gt;JVBERi0xLjQKJcOkw7zDtsOfCjIgMCBvYmoKPDwvTGVuZ3RoIDMgMCBSL0ZpbHRlci9GbGF0ZURlY29kZT4+CnN0cmVhbQp4nK1ZS4/bNhC++1foHMAOh28ChoD1Wlu0t7QL9FD01CbtYdMiueTvd16kKPlZOAigkPTo4zw/DrVmB8O3zZfB4L9QwpC9Hb5+3Pz6bvhnAwP9+/rXxvDy500VeGNRg6++0Yv6v/zy9+bTuw0Uv0tDSrBz+Jordpd19jbILEPhmUguZyq5YagvuBhEPYOrUOLOooTB5x+fN+9//OyH47/DBzXBkLqH140vJOUSvvH65/D+BQ2B4fXTb3sD49btjR3T3rhxG/fGm2DiuIW9SeM2700e/d4UXnjCp9mbw7i1e/NMrxxlJfBPezPxLy84BlrM49ZXmCZepWQ3Xj6VBMNquREFRZm6KY0Fhn9kLAAaBgUWmUgodoYF2S+Apx9kQggQdCdcEBzeCSJjya6RlRy3RTftNKzYrnlHlOhUrFbhAiRGgkzvKkIgfzUxcbSaIriiQ1C7ROyoYvK/7TwUesceTwLWO1PGod9F4sB+8bMFBwloF8Iw/v7602Z63awTLQAlrHW7sko0QMsCql/joEpPY+QQQHN2UIleoYNmTAuXaiSBqWZqEqOkZye1PFaUa0l8El+dH1ocVC01AJ7IaSwjGQWdo8go1WEVvKoqm2LG0BXLuVD6heu72DUvsr5q0lP9vblmLhGFlx9FWUk7MZM1ngtHV3kouvg57SRfJA97jGrAI0yiBTJnV8stbyixmPOQeEPUMVIvj+3O41iFFhORYu5sYCFQgiYTkKoVjcdLNJVazlRuiSdbXYIziccqtJjcBPO2k5PJZVt7uGVZxjAkMCi6KsoDV5MEXmOpEeKgSOqUjnQlP1NPoM+jXzFKT+dcHTXLZ/ZkeoUjc0LNEildeVlSVPLGowaNs2tpdMTbJWtX/V2uspoT79HbsmDnlvQCzLV5i1///xnQdrFaWgA9y8PLfOz1pNZxk2daqMbVIKjHZblWN/OKWNIdgeiItDhZT85Xa66wOwwBYsfujhPJAgftMJa9tSNwW6FzOuzs3jrrr6L6UnZhhdq/z7xvyTQZyl5ySvNml88knzHxnYUO34vWjl60iTwElIo2E37h1YvqukxlBsnis+JZwXsiGp1YvTDOKcNhmkZfh+hlDoGnuAXJA+qi8BVKKW5oJA88V4rnFGSSvBkdn6mdXEXngCFHM3Fv9RhuBVdMDH6IMWDLeLZZ5GS6/jK6HFYv485eK8M+8/MiAjrYYV9MnLYKWBRuMI7cksktnPWBPWsp98h5ZiIXO2KCCztgOqKXqPV26y2OnGjP6iZErmBRAhg0bcgNjUomPXz99e7IFWqPaFtYbztRdaJFTpnACHmYZ84BMQ8sRoBXMyXCS9eisg8up6xxaGiM/qQtU492R7pQGAaHqfkaYjgfZ9sfFDPvCdndiev8Lt6RP3J63ALDyl9nsmVScYbqdcHZfFQwy9xQlEnFYxrZsznqgBpbCpOzzCxPo1WSkRziTD0Qb6Iejnn7QDWu4nnU9BMJ5ijNOwaBA4Mrg50wVtPUxcEFaZk8qkpj6kp0zO2CiHTD044EMBo+kjMJqOiYgGScqAWpQotJON+PsPcC9mYzJeeaPYGcR8cQcSM5hQ3EmsxUBUBshisZhRwfDuhsbzOeCtIK8OHjyeEgAbCl9vf13USr4AL62EXZCh0ppxYsQFjy&lt;/rec2:fileContent&gt;	            &lt;/ext:invoiceFiles&gt;	            &lt;!--1 or more repetitions:	            --&gt;&lt;ext:invoiceComments&gt;	               &lt;rec3:commentText&gt;My Test Comment 1&lt;/rec3:commentText&gt;	               &lt;rec3:author&gt;estafetdev3&lt;/rec3:author&gt;	            &lt;/ext:invoiceComments&gt;	            &lt;ext:supplierPortalData&gt;	               &lt;sup1:supplierCreatorId&gt;estafetdev3&lt;/sup1:supplierCreatorId&gt;	               &lt;sup1:supplierCreatorName&gt;Angel&lt;/sup1:supplierCreatorName&gt;	            &lt;/ext:supplierPortalData&gt;	         &lt;/ext:ExternalInvoiceSupplierPortal&gt;	      &lt;/sup:start&gt;	   &lt;/soapenv:Body&gt;	&lt;/soapenv:Envelope&gt;
&lt;soapenv:Envelope xmlns:soapenv=&quot;http://schemas.xmlsoap.org/soap/envelope/&quot; xmlns:sup=&quot;http://xmlns.oracle.com/bpmn/bpmnProcess/SupplierPortalApprovalProcess&quot; xmlns:ext=&quot;http://xmlns.oracle.com/bpm/bpmobject/PrePopInvoiceSupplierPortal/ExternalInvoiceSupplierPortal&quot; xmlns:rec=&quot;http://xmlns.oracle.com/bpm/bpmobject/PrePopInvoice/RecordType0&quot; xmlns:rec1=&quot;http://xmlns.oracle.com/bpm/bpmobject/PrePopInvoice/RecordType1&quot; xmlns:rec2=&quot;http://xmlns.oracle.com/bpm/bpmobject/PrePopInvoice/RecordType2&quot; xmlns:rec3=&quot;http://xmlns.oracle.com/bpm/bpmobject/PrePopInvoice/RecordType3&quot; xmlns:sup1=&quot;http://xmlns.oracle.com/bpm/bpmobject/PrePopInvoiceSupplierPortal/SupplierPortalData&quot;&gt;		&lt;soapenv:Header/&gt;	   &lt;soapenv:Body&gt;	      &lt;sup:start&gt;	         &lt;ext:ExternalInvoiceSupplierPortal&gt;	            &lt;ext:invoiceHeader&gt;	               &lt;rec:supplierCode&gt;0000100924&lt;/rec:supplierCode&gt;	               &lt;rec:supplierName&gt;&lt;/rec:supplierName&gt;	               &lt;rec:vjCompanyCode&gt;0200&lt;/rec:vjCompanyCode&gt;	               &lt;rec:vjCompanyName&gt;&lt;/rec:vjCompanyName&gt;	               &lt;rec:invoiceHeader&gt;SupplP3311&lt;/rec:invoiceHeader&gt;	               &lt;rec:invoiceNumber&gt;cd56652e-6776-4f&lt;/rec:invoiceNumber&gt;	               &lt;rec:documentTypeFlag&gt;I&lt;/rec:documentTypeFlag&gt;	               &lt;rec:invoiceDate&gt;2016-02-15T15:02:19&lt;/rec:invoiceDate&gt;	               &lt;rec:invoiceDueDate&gt;&lt;/rec:invoiceDueDate&gt;	               &lt;rec:invoiceCurrency&gt;AON&lt;/rec:invoiceCurrency&gt;	               &lt;rec:netAmount&gt;120&lt;/rec:netAmount&gt;	               &lt;rec:vatAmount&gt;104&lt;/rec:vatAmount&gt;	               &lt;rec:totalAmount&gt;2461&lt;/rec:totalAmount&gt;	               &lt;rec:poNumber&gt;&lt;/rec:poNumber&gt;	            &lt;/ext:invoiceHeader&gt;	            &lt;!--1 or more repetitions:--&gt;	            &lt;ext:lineItems&gt;	               &lt;rec1:lineItemNumber&gt;0&lt;/rec1:lineItemNumber&gt;	               &lt;rec1:description&gt;WATER SERVICE&lt;/rec1:description&gt;	               &lt;rec1:currency&gt;USD&lt;/rec1:currency&gt;	               &lt;rec1:signIndicator&gt;D&lt;/rec1:signIndicator&gt;	               &lt;rec1:netAmount&gt;500&lt;/rec1:netAmount&gt;	               &lt;rec1:vatExemptionFlag&gt;0&lt;/rec1:vatExemptionFlag&gt;	               &lt;rec1:vatAmount&gt;502&lt;/rec1:vatAmount&gt;	               &lt;rec1:totalAmount&gt;501&lt;/rec1:totalAmount&gt;	               &lt;rec1:itemDate&gt;2016-02-15T15:02:19&lt;/rec1:itemDate&gt;	               &lt;rec1:svcRenderedAirport&gt;UUWW&lt;/rec1:svcRenderedAirport&gt;	               &lt;rec1:airportFrom&gt;EGLF&lt;/rec1:airportFrom&gt;	               &lt;rec1:airportTo&gt;UKOO&lt;/rec1:airportTo&gt;	               &lt;rec1:aircraftRegistration&gt;OE-GVH&lt;/rec1:aircraftRegistration&gt;	               &lt;rec1:callsign&gt;II&lt;/rec1:callsign&gt;	               &lt;rec1:serviceTypeCode&gt;&lt;/rec1:serviceTypeCode&gt;	               &lt;rec1:workOrderId&gt;&lt;/rec1:workOrderId&gt;	               &lt;rec1:periodOfCost&gt;&lt;/rec1:periodOfCost&gt;	               &lt;rec1:unit&gt;TRD&lt;/rec1:unit&gt;	               &lt;rec1:quantity&gt;24&lt;/rec1:quantity&gt;	               &lt;rec1:pricePerUnit&gt;2.7&lt;/rec1:pricePerUnit&gt;	               &lt;rec1:taxCode&gt;A1&lt;/rec1:taxCode&gt;	               &lt;rec1:fullDescription&gt;ddd&lt;/rec1:fullDescription&gt;	            &lt;/ext:lineItems&gt;	            &lt;!--1 or more repetitions:--&gt;	            &lt;ext:invoiceFiles&gt;	               &lt;rec2:contentSize&gt;1000&lt;/rec2:contentSize&gt;	               &lt;rec2:fileType&gt;application/pdf&lt;/rec2:fileType&gt;	               &lt;rec2:fileContent&gt;JVBERi0xLjQKJcOkw7zDtsOfCjIgMCBvYmoKPDwvTGVuZ3RoIDMgMCBSL0ZpbHRlci9GbGF0ZURlY29kZT4+CnN0cmVhbQp4nK1ZS4/bNhC++1foHMAOh28ChoD1Wlu0t7QL9FD01CbtYdMiueTvd16kKPlZOAigkPTo4zw/DrVmB8O3zZfB4L9QwpC9Hb5+3Pz6bvhnAwP9+/rXxvDy500VeGNRg6++0Yv6v/zy9+bTuw0Uv0tDSrBz+Jordpd19jbILEPhmUguZyq5YagvuBhEPYOrUOLOooTB5x+fN+9//OyH47/DBzXBkLqH140vJOUSvvH65/D+BQ2B4fXTb3sD49btjR3T3rhxG/fGm2DiuIW9SeM2700e/d4UXnjCp9mbw7i1e/NMrxxlJfBPezPxLy84BlrM49ZXmCZepWQ3Xj6VBMNquREFRZm6KY0Fhn9kLAAaBgUWmUgodoYF2S+Apx9kQggQdCdcEBzeCSJjya6RlRy3RTftNKzYrnlHlOhUrFbhAiRGgkzvKkIgfzUxcbSaIriiQ1C7ROyoYvK/7TwUesceTwLWO1PGod9F4sB+8bMFBwloF8Iw/v7602Z63awTLQAlrHW7sko0QMsCql/joEpPY+QQQHN2UIleoYNmTAuXaiSBqWZqEqOkZye1PFaUa0l8El+dH1ocVC01AJ7IaSwjGQWdo8go1WEVvKoqm2LG0BXLuVD6heu72DUvsr5q0lP9vblmLhGFlx9FWUk7MZM1ngtHV3kouvg57SRfJA97jGrAI0yiBTJnV8stbyixmPOQeEPUMVIvj+3O41iFFhORYu5sYCFQgiYTkKoVjcdLNJVazlRuiSdbXYIziccqtJjcBPO2k5PJZVt7uGVZxjAkMCi6KsoDV5MEXmOpEeKgSOqUjnQlP1NPoM+jXzFKT+dcHTXLZ/ZkeoUjc0LNEildeVlSVPLGowaNs2tpdMTbJWtX/V2uspoT79HbsmDnlvQCzLV5i1///xnQdrFaWgA9y8PLfOz1pNZxk2daqMbVIKjHZblWN/OKWNIdgeiItDhZT85Xa66wOwwBYsfujhPJAgftMJa9tSNwW6FzOuzs3jrrr6L6UnZhhdq/z7xvyTQZyl5ySvNml88knzHxnYUO34vWjl60iTwElIo2E37h1YvqukxlBsnis+JZwXsiGp1YvTDOKcNhmkZfh+hlDoGnuAXJA+qi8BVKKW5oJA88V4rnFGSSvBkdn6mdXEXngCFHM3Fv9RhuBVdMDH6IMWDLeLZZ5GS6/jK6HFYv485eK8M+8/MiAjrYYV9MnLYKWBRuMI7cksktnPWBPWsp98h5ZiIXO2KCCztgOqKXqPV26y2OnGjP6iZErmBRAhg0bcgNjUomPXz99e7IFWqPaFtYbztRdaJFTpnACHmYZ84BMQ8sRoBXMyXCS9eisg8up6xxaGiM/qQtU492R7pQGAaHqfkaYjgfZ9sfFDPvCdndiev8Lt6RP3J63ALDyl9nsmVScYbqdcHZfFQwy9xQlEnFYxrZsznqgBpbCpOzzCxPo1WSkRziTD0Qb6Iejnn7QDWu4nnU9BMJ5ijNOwaBA4Mrg50wVtPUxcEFaZk8qkpj6kp0zO2CiHTD044EMBo+kjMJqOiYgGScqAWpQotJON+PsPcC9mYzJeeaPYGcR8cQcSM5hQ3EmsxUBUBshisZhRwfDuhsbzOeCtIK8OHjyeEgAbCl9vf13USr4AL62EXZCh0ppxYsQFjy&lt;/rec2:fileContent&gt;	            &lt;/ext:invoiceFiles&gt;	            &lt;ext:invoiceFiles&gt;	               &lt;rec2:contentSize&gt;1000&lt;/rec2:contentSize&gt;	               &lt;rec2:fileType&gt;application/pdf&lt;/rec2:fileType&gt;	               &lt;rec2:fileContent&gt;JVBERi0xLjQKJcOkw7zDtsOfCjIgMCBvYmoKPDwvTGVuZ3RoIDMgMCBSL0ZpbHRlci9GbGF0ZURlY29kZT4+CnN0cmVhbQp4nK1ZS4/bNhC++1foHMAOh28ChoD1Wlu0t7QL9FD01CbtYdMiueTvd16kKPlZOAigkPTo4zw/DrVmB8O3zZfB4L9QwpC9Hb5+3Pz6bvhnAwP9+/rXxvDy500VeGNRg6++0Yv6v/zy9+bTuw0Uv0tDSrBz+Jordpd19jbILEPhmUguZyq5YagvuBhEPYOrUOLOooTB5x+fN+9//OyH47/DBzXBkLqH140vJOUSvvH65/D+BQ2B4fXTb3sD49btjR3T3rhxG/fGm2DiuIW9SeM2700e/d4UXnjCp9mbw7i1e/NMrxxlJfBPezPxLy84BlrM49ZXmCZepWQ3Xj6VBMNquREFRZm6KY0Fhn9kLAAaBgUWmUgodoYF2S+Apx9kQggQdCdcEBzeCSJjya6RlRy3RTftNKzYrnlHlOhUrFbhAiRGgkzvKkIgfzUxcbSaIriiQ1C7ROyoYvK/7TwUesceTwLWO1PGod9F4sB+8bMFBwloF8Iw/v7602Z63awTLQAlrHW7sko0QMsCql/joEpPY+QQQHN2UIleoYNmTAuXaiSBqWZqEqOkZye1PFaUa0l8El+dH1ocVC01AJ7IaSwjGQWdo8go1WEVvKoqm2LG0BXLuVD6heu72DUvsr5q0lP9vblmLhGFlx9FWUk7MZM1ngtHV3kouvg57SRfJA97jGrAI0yiBTJnV8stbyixmPOQeEPUMVIvj+3O41iFFhORYu5sYCFQgiYTkKoVjcdLNJVazlRuiSdbXYIziccqtJjcBPO2k5PJZVt7uGVZxjAkMCi6KsoDV5MEXmOpEeKgSOqUjnQlP1NPoM+jXzFKT+dcHTXLZ/ZkeoUjc0LNEildeVlSVPLGowaNs2tpdMTbJWtX/V2uspoT79HbsmDnlvQCzLV5i1///xnQdrFaWgA9y8PLfOz1pNZxk2daqMbVIKjHZblWN/OKWNIdgeiItDhZT85Xa66wOwwBYsfujhPJAgftMJa9tSNwW6FzOuzs3jrrr6L6UnZhhdq/z7xvyTQZyl5ySvNml88knzHxnYUO34vWjl60iTwElIo2E37h1YvqukxlBsnis+JZwXsiGp1YvTDOKcNhmkZfh+hlDoGnuAXJA+qi8BVKKW5oJA88V4rnFGSSvBkdn6mdXEXngCFHM3Fv9RhuBVdMDH6IMWDLeLZZ5GS6/jK6HFYv485eK8M+8/MiAjrYYV9MnLYKWBRuMI7cksktnPWBPWsp98h5ZiIXO2KCCztgOqKXqPV26y2OnGjP6iZErmBRAhg0bcgNjUomPXz99e7IFWqPaFtYbztRdaJFTpnACHmYZ84BMQ8sRoBXMyXCS9eisg8up6xxaGiM/qQtU492R7pQGAaHqfkaYjgfZ9sfFDPvCdndiev8Lt6RP3J63ALDyl9nsmVScYbqdcHZfFQwy9xQlEnFYxrZsznqgBpbCpOzzCxPo1WSkRziTD0Qb6Iejnn7QDWu4nnU9BMJ5ijNOwaBA4Mrg50wVtPUxcEFaZk8qkpj6kp0zO2CiHTD044EMBo+kjMJqOiYgGScqAWpQotJON+PsPcC9mYzJeeaPYGcR8cQcSM5hQ3EmsxUBUBshisZhRwfDuhsbzOeCtIK8OHjyeEgAbCl9vf13USr4AL62EXZCh0ppxYsQFjy&lt;/rec2:fileContent&gt;	            &lt;/ext:invoiceFiles&gt;	            &lt;!--1 or more repetitions:--&gt;	            &lt;ext:invoiceComments&gt;	               &lt;rec3:commentText&gt;My Test Comment 1&lt;/rec3:commentText&gt;	               &lt;rec3:author&gt;estafetdev3&lt;/rec3:author&gt;	            &lt;/ext:invoiceComments&gt;	            &lt;ext:supplierPortalData&gt;	               &lt;sup1:supplierCreatorId&gt;estafetdev3&lt;/sup1:supplierCreatorId&gt;	               &lt;sup1:supplierCreatorName&gt;Angel&lt;/sup1:supplierCreatorName&gt;	            &lt;/ext:supplierPortalData&gt;	         &lt;/ext:ExternalInvoiceSupplierPortal&gt;	      &lt;/sup:start&gt;	   &lt;/soapenv:Body&gt;	&lt;/soapenv:Envelope&gt; expected [true] but found [false]">
      <![CDATA[java.lang.AssertionError: <soapenv:Envelope xmlns:soapenv="http://schemas.xmlsoap.org/soap/envelope/" xmlns:sup="http://xmlns.oracle.com/bpmn/bpmnProcess/SupplierPortalApprovalProcess" xmlns:ext="http://xmlns.oracle.com/bpm/bpmobject/PrePopInvoiceSupplierPortal/ExternalInvoiceSupplierPortal" xmlns:rec="http://xmlns.oracle.com/bpm/bpmobject/PrePopInvoice/RecordType0" xmlns:rec1="http://xmlns.oracle.com/bpm/bpmobject/PrePopInvoice/RecordType1" xmlns:rec2="http://xmlns.oracle.com/bpm/bpmobject/PrePopInvoice/RecordType2" xmlns:rec3="http://xmlns.oracle.com/bpm/bpmobject/PrePopInvoice/RecordType3" xmlns:sup1="http://xmlns.oracle.com/bpm/bpmobject/PrePopInvoiceSupplierPortal/SupplierPortalData">		<soapenv:Header/>	   <soapenv:Body>	      <sup:start>	         <ext:ExternalInvoiceSupplierPortal>	            <ext:invoiceHeader>	               <rec:supplierCode>0000100924</rec:supplierCode>	               <rec:supplierName/>	               <rec:vjCompanyCode>0200</rec:vjCompanyCode>	               <rec:vjCompanyName/>	               <rec:invoiceHeader>SupplP3311</rec:invoiceHeader>	               <rec:invoiceNumber>cd56652e-6776-4f</rec:invoiceNumber>	               <rec:documentTypeFlag>I</rec:documentTypeFlag>	               <rec:invoiceDate>2016-02-15T15:02:19</rec:invoiceDate>	               <rec:invoiceDueDate/>	               <rec:invoiceCurrency>AON</rec:invoiceCurrency>	               <rec:netAmount>120</rec:netAmount>	               <rec:vatAmount>104</rec:vatAmount>	               <rec:totalAmount>2461</rec:totalAmount>	               <rec:poNumber/>	            </ext:invoiceHeader>	            <!--1 or more repetitions:	            --><ext:lineItems>	               <rec1:lineItemNumber>0</rec1:lineItemNumber>	               <rec1:description>WATER SERVICE</rec1:description>	               <rec1:currency>USD</rec1:currency>	               <rec1:signIndicator>D</rec1:signIndicator>	               <rec1:netAmount>500</rec1:netAmount>	               <rec1:vatExemptionFlag>0</rec1:vatExemptionFlag>	               <rec1:vatAmount>502</rec1:vatAmount>	               <rec1:totalAmount>501</rec1:totalAmount>	               <rec1:itemDate>2016-02-15T15:02:19</rec1:itemDate>	               <rec1:svcRenderedAirport>UUWW</rec1:svcRenderedAirport>	               <rec1:airportFrom>EGLF</rec1:airportFrom>	               <rec1:airportTo>UKOO</rec1:airportTo>	               <rec1:aircraftRegistration>OE-GVH</rec1:aircraftRegistration>	               <rec1:callsign>II</rec1:callsign>	               <rec1:serviceTypeCode/>	               <rec1:workOrderId/>	               <rec1:periodOfCost/>	               <rec1:unit>TRD</rec1:unit>	               <rec1:quantity>24</rec1:quantity>	               <rec1:pricePerUnit>2.7</rec1:pricePerUnit>	               <rec1:taxCode>A1</rec1:taxCode>	               <rec1:fullDescription>ddd</rec1:fullDescription>	            </ext:lineItems>	            <!--1 or more repetitions:	            --><ext:invoiceFiles>	               <rec2:contentSize>1000</rec2:contentSize>	               <rec2:fileType>application/pdf</rec2:fileType>	               <rec2:fileContent>JVBERi0xLjQKJcOkw7zDtsOfCjIgMCBvYmoKPDwvTGVuZ3RoIDMgMCBSL0ZpbHRlci9GbGF0ZURlY29kZT4+CnN0cmVhbQp4nK1ZS4/bNhC++1foHMAOh28ChoD1Wlu0t7QL9FD01CbtYdMiueTvd16kKPlZOAigkPTo4zw/DrVmB8O3zZfB4L9QwpC9Hb5+3Pz6bvhnAwP9+/rXxvDy500VeGNRg6++0Yv6v/zy9+bTuw0Uv0tDSrBz+Jordpd19jbILEPhmUguZyq5YagvuBhEPYOrUOLOooTB5x+fN+9//OyH47/DBzXBkLqH140vJOUSvvH65/D+BQ2B4fXTb3sD49btjR3T3rhxG/fGm2DiuIW9SeM2700e/d4UXnjCp9mbw7i1e/NMrxxlJfBPezPxLy84BlrM49ZXmCZepWQ3Xj6VBMNquREFRZm6KY0Fhn9kLAAaBgUWmUgodoYF2S+Apx9kQggQdCdcEBzeCSJjya6RlRy3RTftNKzYrnlHlOhUrFbhAiRGgkzvKkIgfzUxcbSaIriiQ1C7ROyoYvK/7TwUesceTwLWO1PGod9F4sB+8bMFBwloF8Iw/v7602Z63awTLQAlrHW7sko0QMsCql/joEpPY+QQQHN2UIleoYNmTAuXaiSBqWZqEqOkZye1PFaUa0l8El+dH1ocVC01AJ7IaSwjGQWdo8go1WEVvKoqm2LG0BXLuVD6heu72DUvsr5q0lP9vblmLhGFlx9FWUk7MZM1ngtHV3kouvg57SRfJA97jGrAI0yiBTJnV8stbyixmPOQeEPUMVIvj+3O41iFFhORYu5sYCFQgiYTkKoVjcdLNJVazlRuiSdbXYIziccqtJjcBPO2k5PJZVt7uGVZxjAkMCi6KsoDV5MEXmOpEeKgSOqUjnQlP1NPoM+jXzFKT+dcHTXLZ/ZkeoUjc0LNEildeVlSVPLGowaNs2tpdMTbJWtX/V2uspoT79HbsmDnlvQCzLV5i1///xnQdrFaWgA9y8PLfOz1pNZxk2daqMbVIKjHZblWN/OKWNIdgeiItDhZT85Xa66wOwwBYsfujhPJAgftMJa9tSNwW6FzOuzs3jrrr6L6UnZhhdq/z7xvyTQZyl5ySvNml88knzHxnYUO34vWjl60iTwElIo2E37h1YvqukxlBsnis+JZwXsiGp1YvTDOKcNhmkZfh+hlDoGnuAXJA+qi8BVKKW5oJA88V4rnFGSSvBkdn6mdXEXngCFHM3Fv9RhuBVdMDH6IMWDLeLZZ5GS6/jK6HFYv485eK8M+8/MiAjrYYV9MnLYKWBRuMI7cksktnPWBPWsp98h5ZiIXO2KCCztgOqKXqPV26y2OnGjP6iZErmBRAhg0bcgNjUomPXz99e7IFWqPaFtYbztRdaJFTpnACHmYZ84BMQ8sRoBXMyXCS9eisg8up6xxaGiM/qQtU492R7pQGAaHqfkaYjgfZ9sfFDPvCdndiev8Lt6RP3J63ALDyl9nsmVScYbqdcHZfFQwy9xQlEnFYxrZsznqgBpbCpOzzCxPo1WSkRziTD0Qb6Iejnn7QDWu4nnU9BMJ5ijNOwaBA4Mrg50wVtPUxcEFaZk8qkpj6kp0zO2CiHTD044EMBo+kjMJqOiYgGScqAWpQotJON+PsPcC9mYzJeeaPYGcR8cQcSM5hQ3EmsxUBUBshisZhRwfDuhsbzOeCtIK8OHjyeEgAbCl9vf13USr4AL62EXZCh0ppxYsQFjy</rec2:fileContent>	            </ext:invoiceFiles>	            <ext:invoiceFiles>	               <rec2:contentSize>1000</rec2:contentSize>	               <rec2:fileType>application/pdf</rec2:fileType>	               <rec2:fileContent>JVBERi0xLjQKJcOkw7zDtsOfCjIgMCBvYmoKPDwvTGVuZ3RoIDMgMCBSL0ZpbHRlci9GbGF0ZURlY29kZT4+CnN0cmVhbQp4nK1ZS4/bNhC++1foHMAOh28ChoD1Wlu0t7QL9FD01CbtYdMiueTvd16kKPlZOAigkPTo4zw/DrVmB8O3zZfB4L9QwpC9Hb5+3Pz6bvhnAwP9+/rXxvDy500VeGNRg6++0Yv6v/zy9+bTuw0Uv0tDSrBz+Jordpd19jbILEPhmUguZyq5YagvuBhEPYOrUOLOooTB5x+fN+9//OyH47/DBzXBkLqH140vJOUSvvH65/D+BQ2B4fXTb3sD49btjR3T3rhxG/fGm2DiuIW9SeM2700e/d4UXnjCp9mbw7i1e/NMrxxlJfBPezPxLy84BlrM49ZXmCZepWQ3Xj6VBMNquREFRZm6KY0Fhn9kLAAaBgUWmUgodoYF2S+Apx9kQggQdCdcEBzeCSJjya6RlRy3RTftNKzYrnlHlOhUrFbhAiRGgkzvKkIgfzUxcbSaIriiQ1C7ROyoYvK/7TwUesceTwLWO1PGod9F4sB+8bMFBwloF8Iw/v7602Z63awTLQAlrHW7sko0QMsCql/joEpPY+QQQHN2UIleoYNmTAuXaiSBqWZqEqOkZye1PFaUa0l8El+dH1ocVC01AJ7IaSwjGQWdo8go1WEVvKoqm2LG0BXLuVD6heu72DUvsr5q0lP9vblmLhGFlx9FWUk7MZM1ngtHV3kouvg57SRfJA97jGrAI0yiBTJnV8stbyixmPOQeEPUMVIvj+3O41iFFhORYu5sYCFQgiYTkKoVjcdLNJVazlRuiSdbXYIziccqtJjcBPO2k5PJZVt7uGVZxjAkMCi6KsoDV5MEXmOpEeKgSOqUjnQlP1NPoM+jXzFKT+dcHTXLZ/ZkeoUjc0LNEildeVlSVPLGowaNs2tpdMTbJWtX/V2uspoT79HbsmDnlvQCzLV5i1///xnQdrFaWgA9y8PLfOz1pNZxk2daqMbVIKjHZblWN/OKWNIdgeiItDhZT85Xa66wOwwBYsfujhPJAgftMJa9tSNwW6FzOuzs3jrrr6L6UnZhhdq/z7xvyTQZyl5ySvNml88knzHxnYUO34vWjl60iTwElIo2E37h1YvqukxlBsnis+JZwXsiGp1YvTDOKcNhmkZfh+hlDoGnuAXJA+qi8BVKKW5oJA88V4rnFGSSvBkdn6mdXEXngCFHM3Fv9RhuBVdMDH6IMWDLeLZZ5GS6/jK6HFYv485eK8M+8/MiAjrYYV9MnLYKWBRuMI7cksktnPWBPWsp98h5ZiIXO2KCCztgOqKXqPV26y2OnGjP6iZErmBRAhg0bcgNjUomPXz99e7IFWqPaFtYbztRdaJFTpnACHmYZ84BMQ8sRoBXMyXCS9eisg8up6xxaGiM/qQtU492R7pQGAaHqfkaYjgfZ9sfFDPvCdndiev8Lt6RP3J63ALDyl9nsmVScYbqdcHZfFQwy9xQlEnFYxrZsznqgBpbCpOzzCxPo1WSkRziTD0Qb6Iejnn7QDWu4nnU9BMJ5ijNOwaBA4Mrg50wVtPUxcEFaZk8qkpj6kp0zO2CiHTD044EMBo+kjMJqOiYgGScqAWpQotJON+PsPcC9mYzJeeaPYGcR8cQcSM5hQ3EmsxUBUBshisZhRwfDuhsbzOeCtIK8OHjyeEgAbCl9vf13USr4AL62EXZCh0ppxYsQFjy</rec2:fileContent>	            </ext:invoiceFiles>	            <!--1 or more repetitions:	            --><ext:invoiceComments>	               <rec3:commentText>My Test Comment 1</rec3:commentText>	               <rec3:author>estafetdev3</rec3:author>	            </ext:invoiceComments>	            <ext:supplierPortalData>	               <sup1:supplierCreatorId>estafetdev3</sup1:supplierCreatorId>	               <sup1:supplierCreatorName>Angel</sup1:supplierCreatorName>	            </ext:supplierPortalData>	         </ext:ExternalInvoiceSupplierPortal>	      </sup:start>	   </soapenv:Body>	</soapenv:Envelope>
<soapenv:Envelope xmlns:soapenv="http://schemas.xmlsoap.org/soap/envelope/" xmlns:sup="http://xmlns.oracle.com/bpmn/bpmnProcess/SupplierPortalApprovalProcess" xmlns:ext="http://xmlns.oracle.com/bpm/bpmobject/PrePopInvoiceSupplierPortal/ExternalInvoiceSupplierPortal" xmlns:rec="http://xmlns.oracle.com/bpm/bpmobject/PrePopInvoice/RecordType0" xmlns:rec1="http://xmlns.oracle.com/bpm/bpmobject/PrePopInvoice/RecordType1" xmlns:rec2="http://xmlns.oracle.com/bpm/bpmobject/PrePopInvoice/RecordType2" xmlns:rec3="http://xmlns.oracle.com/bpm/bpmobject/PrePopInvoice/RecordType3" xmlns:sup1="http://xmlns.oracle.com/bpm/bpmobject/PrePopInvoiceSupplierPortal/SupplierPortalData">		<soapenv:Header/>	   <soapenv:Body>	      <sup:start>	         <ext:ExternalInvoiceSupplierPortal>	            <ext:invoiceHeader>	               <rec:supplierCode>0000100924</rec:supplierCode>	               <rec:supplierName></rec:supplierName>	               <rec:vjCompanyCode>0200</rec:vjCompanyCode>	               <rec:vjCompanyName></rec:vjCompanyName>	               <rec:invoiceHeader>SupplP3311</rec:invoiceHeader>	               <rec:invoiceNumber>cd56652e-6776-4f</rec:invoiceNumber>	               <rec:documentTypeFlag>I</rec:documentTypeFlag>	               <rec:invoiceDate>2016-02-15T15:02:19</rec:invoiceDate>	               <rec:invoiceDueDate></rec:invoiceDueDate>	               <rec:invoiceCurrency>AON</rec:invoiceCurrency>	               <rec:netAmount>120</rec:netAmount>	               <rec:vatAmount>104</rec:vatAmount>	               <rec:totalAmount>2461</rec:totalAmount>	               <rec:poNumber></rec:poNumber>	            </ext:invoiceHeader>	            <!--1 or more repetitions:-->	            <ext:lineItems>	               <rec1:lineItemNumber>0</rec1:lineItemNumber>	               <rec1:description>WATER SERVICE</rec1:description>	               <rec1:currency>USD</rec1:currency>	               <rec1:signIndicator>D</rec1:signIndicator>	               <rec1:netAmount>500</rec1:netAmount>	               <rec1:vatExemptionFlag>0</rec1:vatExemptionFlag>	               <rec1:vatAmount>502</rec1:vatAmount>	               <rec1:totalAmount>501</rec1:totalAmount>	               <rec1:itemDate>2016-02-15T15:02:19</rec1:itemDate>	               <rec1:svcRenderedAirport>UUWW</rec1:svcRenderedAirport>	               <rec1:airportFrom>EGLF</rec1:airportFrom>	               <rec1:airportTo>UKOO</rec1:airportTo>	               <rec1:aircraftRegistration>OE-GVH</rec1:aircraftRegistration>	               <rec1:callsign>II</rec1:callsign>	               <rec1:serviceTypeCode></rec1:serviceTypeCode>	               <rec1:workOrderId></rec1:workOrderId>	               <rec1:periodOfCost></rec1:periodOfCost>	               <rec1:unit>TRD</rec1:unit>	               <rec1:quantity>24</rec1:quantity>	               <rec1:pricePerUnit>2.7</rec1:pricePerUnit>	               <rec1:taxCode>A1</rec1:taxCode>	               <rec1:fullDescription>ddd</rec1:fullDescription>	            </ext:lineItems>	            <!--1 or more repetitions:-->	            <ext:invoiceFiles>	               <rec2:contentSize>1000</rec2:contentSize>	               <rec2:fileType>application/pdf</rec2:fileType>	               <rec2:fileContent>JVBERi0xLjQKJcOkw7zDtsOfCjIgMCBvYmoKPDwvTGVuZ3RoIDMgMCBSL0ZpbHRlci9GbGF0ZURlY29kZT4+CnN0cmVhbQp4nK1ZS4/bNhC++1foHMAOh28ChoD1Wlu0t7QL9FD01CbtYdMiueTvd16kKPlZOAigkPTo4zw/DrVmB8O3zZfB4L9QwpC9Hb5+3Pz6bvhnAwP9+/rXxvDy500VeGNRg6++0Yv6v/zy9+bTuw0Uv0tDSrBz+Jordpd19jbILEPhmUguZyq5YagvuBhEPYOrUOLOooTB5x+fN+9//OyH47/DBzXBkLqH140vJOUSvvH65/D+BQ2B4fXTb3sD49btjR3T3rhxG/fGm2DiuIW9SeM2700e/d4UXnjCp9mbw7i1e/NMrxxlJfBPezPxLy84BlrM49ZXmCZepWQ3Xj6VBMNquREFRZm6KY0Fhn9kLAAaBgUWmUgodoYF2S+Apx9kQggQdCdcEBzeCSJjya6RlRy3RTftNKzYrnlHlOhUrFbhAiRGgkzvKkIgfzUxcbSaIriiQ1C7ROyoYvK/7TwUesceTwLWO1PGod9F4sB+8bMFBwloF8Iw/v7602Z63awTLQAlrHW7sko0QMsCql/joEpPY+QQQHN2UIleoYNmTAuXaiSBqWZqEqOkZye1PFaUa0l8El+dH1ocVC01AJ7IaSwjGQWdo8go1WEVvKoqm2LG0BXLuVD6heu72DUvsr5q0lP9vblmLhGFlx9FWUk7MZM1ngtHV3kouvg57SRfJA97jGrAI0yiBTJnV8stbyixmPOQeEPUMVIvj+3O41iFFhORYu5sYCFQgiYTkKoVjcdLNJVazlRuiSdbXYIziccqtJjcBPO2k5PJZVt7uGVZxjAkMCi6KsoDV5MEXmOpEeKgSOqUjnQlP1NPoM+jXzFKT+dcHTXLZ/ZkeoUjc0LNEildeVlSVPLGowaNs2tpdMTbJWtX/V2uspoT79HbsmDnlvQCzLV5i1///xnQdrFaWgA9y8PLfOz1pNZxk2daqMbVIKjHZblWN/OKWNIdgeiItDhZT85Xa66wOwwBYsfujhPJAgftMJa9tSNwW6FzOuzs3jrrr6L6UnZhhdq/z7xvyTQZyl5ySvNml88knzHxnYUO34vWjl60iTwElIo2E37h1YvqukxlBsnis+JZwXsiGp1YvTDOKcNhmkZfh+hlDoGnuAXJA+qi8BVKKW5oJA88V4rnFGSSvBkdn6mdXEXngCFHM3Fv9RhuBVdMDH6IMWDLeLZZ5GS6/jK6HFYv485eK8M+8/MiAjrYYV9MnLYKWBRuMI7cksktnPWBPWsp98h5ZiIXO2KCCztgOqKXqPV26y2OnGjP6iZErmBRAhg0bcgNjUomPXz99e7IFWqPaFtYbztRdaJFTpnACHmYZ84BMQ8sRoBXMyXCS9eisg8up6xxaGiM/qQtU492R7pQGAaHqfkaYjgfZ9sfFDPvCdndiev8Lt6RP3J63ALDyl9nsmVScYbqdcHZfFQwy9xQlEnFYxrZsznqgBpbCpOzzCxPo1WSkRziTD0Qb6Iejnn7QDWu4nnU9BMJ5ijNOwaBA4Mrg50wVtPUxcEFaZk8qkpj6kp0zO2CiHTD044EMBo+kjMJqOiYgGScqAWpQotJON+PsPcC9mYzJeeaPYGcR8cQcSM5hQ3EmsxUBUBshisZhRwfDuhsbzOeCtIK8OHjyeEgAbCl9vf13USr4AL62EXZCh0ppxYsQFjy</rec2:fileContent>	            </ext:invoiceFiles>	            <ext:invoiceFiles>	               <rec2:contentSize>1000</rec2:contentSize>	               <rec2:fileType>application/pdf</rec2:fileType>	               <rec2:fileContent>JVBERi0xLjQKJcOkw7zDtsOfCjIgMCBvYmoKPDwvTGVuZ3RoIDMgMCBSL0ZpbHRlci9GbGF0ZURlY29kZT4+CnN0cmVhbQp4nK1ZS4/bNhC++1foHMAOh28ChoD1Wlu0t7QL9FD01CbtYdMiueTvd16kKPlZOAigkPTo4zw/DrVmB8O3zZfB4L9QwpC9Hb5+3Pz6bvhnAwP9+/rXxvDy500VeGNRg6++0Yv6v/zy9+bTuw0Uv0tDSrBz+Jordpd19jbILEPhmUguZyq5YagvuBhEPYOrUOLOooTB5x+fN+9//OyH47/DBzXBkLqH140vJOUSvvH65/D+BQ2B4fXTb3sD49btjR3T3rhxG/fGm2DiuIW9SeM2700e/d4UXnjCp9mbw7i1e/NMrxxlJfBPezPxLy84BlrM49ZXmCZepWQ3Xj6VBMNquREFRZm6KY0Fhn9kLAAaBgUWmUgodoYF2S+Apx9kQggQdCdcEBzeCSJjya6RlRy3RTftNKzYrnlHlOhUrFbhAiRGgkzvKkIgfzUxcbSaIriiQ1C7ROyoYvK/7TwUesceTwLWO1PGod9F4sB+8bMFBwloF8Iw/v7602Z63awTLQAlrHW7sko0QMsCql/joEpPY+QQQHN2UIleoYNmTAuXaiSBqWZqEqOkZye1PFaUa0l8El+dH1ocVC01AJ7IaSwjGQWdo8go1WEVvKoqm2LG0BXLuVD6heu72DUvsr5q0lP9vblmLhGFlx9FWUk7MZM1ngtHV3kouvg57SRfJA97jGrAI0yiBTJnV8stbyixmPOQeEPUMVIvj+3O41iFFhORYu5sYCFQgiYTkKoVjcdLNJVazlRuiSdbXYIziccqtJjcBPO2k5PJZVt7uGVZxjAkMCi6KsoDV5MEXmOpEeKgSOqUjnQlP1NPoM+jXzFKT+dcHTXLZ/ZkeoUjc0LNEildeVlSVPLGowaNs2tpdMTbJWtX/V2uspoT79HbsmDnlvQCzLV5i1///xnQdrFaWgA9y8PLfOz1pNZxk2daqMbVIKjHZblWN/OKWNIdgeiItDhZT85Xa66wOwwBYsfujhPJAgftMJa9tSNwW6FzOuzs3jrrr6L6UnZhhdq/z7xvyTQZyl5ySvNml88knzHxnYUO34vWjl60iTwElIo2E37h1YvqukxlBsnis+JZwXsiGp1YvTDOKcNhmkZfh+hlDoGnuAXJA+qi8BVKKW5oJA88V4rnFGSSvBkdn6mdXEXngCFHM3Fv9RhuBVdMDH6IMWDLeLZZ5GS6/jK6HFYv485eK8M+8/MiAjrYYV9MnLYKWBRuMI7cksktnPWBPWsp98h5ZiIXO2KCCztgOqKXqPV26y2OnGjP6iZErmBRAhg0bcgNjUomPXz99e7IFWqPaFtYbztRdaJFTpnACHmYZ84BMQ8sRoBXMyXCS9eisg8up6xxaGiM/qQtU492R7pQGAaHqfkaYjgfZ9sfFDPvCdndiev8Lt6RP3J63ALDyl9nsmVScYbqdcHZfFQwy9xQlEnFYxrZsznqgBpbCpOzzCxPo1WSkRziTD0Qb6Iejnn7QDWu4nnU9BMJ5ijNOwaBA4Mrg50wVtPUxcEFaZk8qkpj6kp0zO2CiHTD044EMBo+kjMJqOiYgGScqAWpQotJON+PsPcC9mYzJeeaPYGcR8cQcSM5hQ3EmsxUBUBshisZhRwfDuhsbzOeCtIK8OHjyeEgAbCl9vf13USr4AL62EXZCh0ppxYsQFjy</rec2:fileContent>	            </ext:invoiceFiles>	            <!--1 or more repetitions:-->	            <ext:invoiceComments>	               <rec3:commentText>My Test Comment 1</rec3:commentText>	               <rec3:author>estafetdev3</rec3:author>	            </ext:invoiceComments>	            <ext:supplierPortalData>	               <sup1:supplierCreatorId>estafetdev3</sup1:supplierCreatorId>	               <sup1:supplierCreatorName>Angel</sup1:supplierCreatorName>	            </ext:supplierPortalData>	         </ext:ExternalInvoiceSupplierPortal>	      </sup:start>	   </soapenv:Body>	</soapenv:Envelope> expected [true] but found [false]
	at org.testng.Assert.fail(Assert.java:94)
	at org.testng.Assert.failNotEquals(Assert.java:513)
	at org.testng.Assert.assertTrue(Assert.java:42)
	at tests.WarmUpTests.executeNormalTest(WarmUpTests.java:47)
	at sun.reflect.NativeMethodAccessorImpl.invoke0(Native Method)
	at sun.reflect.NativeMethodAccessorImpl.invoke(NativeMethodAccessorImpl.java:57)
	at sun.reflect.DelegatingMethodAccessorImpl.invoke(DelegatingMethodAccessorImpl.java:43)
	at java.lang.reflect.Method.invoke(Method.java:606)
	at org.testng.internal.MethodInvocationHelper.invokeMethod(MethodInvocationHelper.java:86)
	at org.testng.internal.Invoker.invokeMethod(Invoker.java:645)
	at org.testng.internal.Invoker.invokeTestMethod(Invoker.java:822)
	at org.testng.internal.Invoker.invokeTestMethods(Invoker.java:1130)
	at org.testng.internal.TestMethodWorker.invokeTestMethods(TestMethodWorker.java:129)
	at org.testng.internal.TestMethodWorker.run(TestMethodWorker.java:112)
	at org.testng.TestRunner.privateRun(TestRunner.java:782)
	at org.testng.TestRunner.run(TestRunner.java:632)
	at org.testng.SuiteRunner.runTest(SuiteRunner.java:366)
	at org.testng.SuiteRunner.runSequentially(SuiteRunner.java:361)
	at org.testng.SuiteRunner.privateRun(SuiteRunner.java:319)
	at org.testng.SuiteRunner.run(SuiteRunner.java:268)
	at org.testng.SuiteRunnerWorker.runSuite(SuiteRunnerWorker.java:52)
	at org.testng.SuiteRunnerWorker.run(SuiteRunnerWorker.java:86)
	at org.testng.TestNG.runSuitesSequentially(TestNG.java:1244)
	at org.testng.TestNG.runSuitesLocally(TestNG.java:1169)
	at org.testng.TestNG.run(TestNG.java:1064)
	at org.testng.remote.RemoteTestNG.run(RemoteTestNG.java:113)
	at org.testng.remote.RemoteTestNG.initAndRun(RemoteTestNG.java:206)
	at org.testng.remote.RemoteTestNG.main(RemoteTestNG.java:177)
]]>
    </failure>
  </testcase> <!-- executeNormalTest -->
</testsuite> <!-- tests.WarmUpTests -->
