<?xml version="1.0" encoding="UTF-8"?>
<!-- Generated by org.testng.reporters.JUnitReportReporter -->
<testsuite hostname="DESKTOP-HR7OA0S" name="tests.TestRetrieveMeasurementsUnits" tests="1" failures="0" timestamp="8 Feb 2016 10:13:21 GMT" time="58.617" errors="0">
  <testcase name="checkRetrieveMeasurementsUnits" time="58.617" classname="tests.TestRetrieveMeasurementsUnits"/>
</testsuite> <!-- tests.TestRetrieveMeasurementsUnits -->
