<?xml version="1.0" encoding="UTF-8"?>
<!-- Generated by org.testng.reporters.JUnitReportReporter -->
<testsuite hostname="DESKTOP-HR7OA0S" name="tests.TestInvoiceHeaders" tests="4" failures="0" timestamp="8 Mar 2016 12:27:20 GMT" time="2.439" errors="0">
  <testcase name="test_1656" time="0.718" classname="tests.TestInvoiceHeaders"/>
  <testcase name="test_1432" time="0.358" classname="tests.TestInvoiceHeaders"/>
  <testcase name="test_1413_1427" time="0.691" classname="tests.TestInvoiceHeaders"/>
  <testcase name="test_1368" time="0.672" classname="tests.TestInvoiceHeaders"/>
</testsuite> <!-- tests.TestInvoiceHeaders -->
