<?xml version="1.0" encoding="UTF-8"?>
<!-- Generated by org.testng.reporters.JUnitReportReporter -->
<testsuite hostname="DESKTOP-HR7OA0S" name="tests.TestRetrieveInvoiceInfo" tests="6" failures="0" timestamp="10 Mar 2016 14:04:27 GMT" time="65.026" errors="0">
  <testcase name="test_1492" time="10.652" classname="tests.TestRetrieveInvoiceInfo"/>
  <testcase name="test_1463" time="11.808" classname="tests.TestRetrieveInvoiceInfo"/>
  <testcase name="test_1485" time="9.486" classname="tests.TestRetrieveInvoiceInfo"/>
  <testcase name="test_1670" time="9.502" classname="tests.TestRetrieveInvoiceInfo"/>
  <testcase name="test_1660" time="11.829" classname="tests.TestRetrieveInvoiceInfo"/>
  <testcase name="test_1467" time="11.749" classname="tests.TestRetrieveInvoiceInfo"/>
</testsuite> <!-- tests.TestRetrieveInvoiceInfo -->
