<?xml version="1.0" encoding="UTF-8"?>
<!-- Generated by org.testng.reporters.JUnitReportReporter -->
<testsuite hostname="DESKTOP-HR7OA0S" name="tests.TestRetrieveMeasurementsUnits" tests="1" failures="0" timestamp="23 Feb 2016 13:40:10 GMT" time="0.786" errors="0">
  <testcase name="checkRetrieveMeasurementsUnits" time="0.786" classname="tests.TestRetrieveMeasurementsUnits"/>
</testsuite> <!-- tests.TestRetrieveMeasurementsUnits -->
