<?xml version="1.0" encoding="UTF-8"?>
<!-- Generated by org.testng.reporters.JUnitReportReporter -->
<testsuite hostname="DESKTOP-HR7OA0S" name="tests.TestExtInvSupPortal" tests="20" failures="0" timestamp="8 Mar 2016 12:27:20 GMT" time="181.069" errors="0">
  <testcase name="test_1458" time="12.096" classname="tests.TestExtInvSupPortal"/>
  <testcase name="test_1506_1" time="7.970" classname="tests.TestExtInvSupPortal"/>
  <testcase name="test_1442" time="5.019" classname="tests.TestExtInvSupPortal"/>
  <testcase name="test_1483" time="9.278" classname="tests.TestExtInvSupPortal"/>
  <testcase name="test_1455" time="10.384" classname="tests.TestExtInvSupPortal"/>
  <testcase name="test_1479" time="9.818" classname="tests.TestExtInvSupPortal"/>
  <testcase name="test_1499" time="9.486" classname="tests.TestExtInvSupPortal"/>
  <testcase name="test_1506_2" time="10.319" classname="tests.TestExtInvSupPortal"/>
  <testcase name="test_1506_3" time="7.724" classname="tests.TestExtInvSupPortal"/>
  <testcase name="test_1498" time="8.934" classname="tests.TestExtInvSupPortal"/>
  <testcase name="test_1339" time="9.667" classname="tests.TestExtInvSupPortal"/>
  <testcase name="test_1506_8" time="9.590" classname="tests.TestExtInvSupPortal"/>
  <testcase name="test_1503" time="7.693" classname="tests.TestExtInvSupPortal"/>
  <testcase name="test_1506_7" time="9.053" classname="tests.TestExtInvSupPortal"/>
  <testcase name="test_1620" time="5.584" classname="tests.TestExtInvSupPortal"/>
  <testcase name="test_1506_4" time="9.891" classname="tests.TestExtInvSupPortal"/>
  <testcase name="test_1506_5" time="7.939" classname="tests.TestExtInvSupPortal"/>
  <testcase name="test_1466_1532" time="10.942" classname="tests.TestExtInvSupPortal"/>
  <testcase name="test_1549" time="10.037" classname="tests.TestExtInvSupPortal"/>
  <testcase name="test_1506_6" time="9.645" classname="tests.TestExtInvSupPortal"/>
</testsuite> <!-- tests.TestExtInvSupPortal -->
