<?xml version="1.0" encoding="UTF-8"?>
<!-- Generated by org.testng.reporters.JUnitReportReporter -->
<testsuite hostname="DESKTOP-HR7OA0S" name="tests.TestRetrieveInvoiceInfo" tests="4" failures="0" timestamp="15 Feb 2016 13:37:53 GMT" time="51.381" errors="0">
  <testcase name="test_1485" time="10.741" classname="tests.TestRetrieveInvoiceInfo"/>
  <testcase name="test_1463" time="13.546" classname="tests.TestRetrieveInvoiceInfo"/>
  <testcase name="test_1467" time="13.547" classname="tests.TestRetrieveInvoiceInfo"/>
  <testcase name="test_1492" time="13.547" classname="tests.TestRetrieveInvoiceInfo"/>
</testsuite> <!-- tests.TestRetrieveInvoiceInfo -->
