<?xml version="1.0" encoding="UTF-8"?>
<!-- Generated by org.testng.reporters.JUnitReportReporter -->
<testsuite hostname="DESKTOP-HR7OA0S" name="tests.MyTestClass2" tests="4" failures="0" timestamp="22 Jan 2016 08:53:00 GMT" time="0.006" errors="0">
  <testcase name="myTestMethod3" time="0.001" classname="tests.MyTestClass2"/>
  <testcase name="myTestMethod3" time="0.003" classname="tests.MyTestClass2"/>
  <testcase name="myTestMethod4" time="0.000" classname="tests.MyTestClass2"/>
  <testcase name="myTestMethod4" time="0.002" classname="tests.MyTestClass2"/>
</testsuite> <!-- tests.MyTestClass2 -->
