<?xml version="1.0" encoding="UTF-8"?>
<!-- Generated by org.testng.reporters.JUnitReportReporter -->
<testsuite hostname="DESKTOP-HR7OA0S" name="tests.TestRetrieveMeasurementsUnits" tests="1" failures="0" timestamp="8 Mar 2016 12:27:20 GMT" time="1.286" errors="0">
  <testcase name="checkRetrieveMeasurementsUnits" time="1.286" classname="tests.TestRetrieveMeasurementsUnits"/>
</testsuite> <!-- tests.TestRetrieveMeasurementsUnits -->
