<?xml version="1.0" encoding="UTF-8"?>
<!-- Generated by org.testng.reporters.JUnitReportReporter -->
<testsuite hostname="DESKTOP-HR7OA0S" name="tests.TestRetrieveInvoiceInfo" tests="5" failures="0" timestamp="17 Feb 2016 15:16:40 GMT" time="128.975" errors="0">
  <testcase name="test_1670" time="20.879" classname="tests.TestRetrieveInvoiceInfo"/>
  <testcase name="test_1467" time="26.514" classname="tests.TestRetrieveInvoiceInfo"/>
  <testcase name="test_1485" time="27.313" classname="tests.TestRetrieveInvoiceInfo"/>
  <testcase name="test_1492" time="26.362" classname="tests.TestRetrieveInvoiceInfo"/>
  <testcase name="test_1463" time="27.907" classname="tests.TestRetrieveInvoiceInfo"/>
</testsuite> <!-- tests.TestRetrieveInvoiceInfo -->
