<?xml version="1.0" encoding="UTF-8"?>
<!-- Generated by org.testng.reporters.JUnitReportReporter -->
<testsuite hostname="DESKTOP-HR7OA0S" name="tests.TestRetrieveMeasurementsUnits" tests="1" failures="0" timestamp="27 Jan 2016 13:25:12 GMT" time="0.283" errors="0">
  <testcase name="checkRetrieveMeasurementsUnits" time="0.283" classname="tests.TestRetrieveMeasurementsUnits"/>
</testsuite> <!-- tests.TestRetrieveMeasurementsUnits -->
