<?xml version="1.0" encoding="UTF-8"?>
<!-- Generated by org.testng.reporters.JUnitReportReporter -->
<testsuite hostname="DESKTOP-HR7OA0S" name="tests.TestExtInvSupPortalDef" tests="8" failures="0" timestamp="26 Jan 2016 15:01:22 GMT" time="11.735" errors="0">
  <testcase name="Atest_1339" time="1.904" classname="tests.TestExtInvSupPortalDef"/>
  <testcase name="Atest_1549" time="1.086" classname="tests.TestExtInvSupPortalDef"/>
  <testcase name="Atest_1503" time="1.162" classname="tests.TestExtInvSupPortalDef"/>
  <testcase name="Atest_1483" time="0.562" classname="tests.TestExtInvSupPortalDef"/>
  <testcase name="Atest_1458" time="0.583" classname="tests.TestExtInvSupPortalDef"/>
  <testcase name="Atest_1498" time="0.544" classname="tests.TestExtInvSupPortalDef"/>
  <testcase name="Atest_1455" time="3.649" classname="tests.TestExtInvSupPortalDef"/>
  <testcase name="Atest_1499" time="2.245" classname="tests.TestExtInvSupPortalDef"/>
</testsuite> <!-- tests.TestExtInvSupPortalDef -->
