<?xml version="1.0" encoding="UTF-8"?>
<!-- Generated by org.testng.reporters.JUnitReportReporter -->
<testsuite hostname="DESKTOP-HR7OA0S" name="tests.TestInvoiceHeaders" tests="3" failures="0" timestamp="27 Jan 2016 13:25:12 GMT" time="0.874" errors="0">
  <testcase name="test_1413_1427" time="0.384" classname="tests.TestInvoiceHeaders"/>
  <testcase name="test_1368" time="0.241" classname="tests.TestInvoiceHeaders"/>
  <testcase name="test_1432" time="0.249" classname="tests.TestInvoiceHeaders"/>
</testsuite> <!-- tests.TestInvoiceHeaders -->
