<?xml version="1.0" encoding="UTF-8"?>
<!-- Generated by org.testng.reporters.JUnitReportReporter -->
<testsuite hostname="DESKTOP-HR7OA0S" name="tests.TestInvoiceHeaders_NoInvoiceCreation" tests="14" failures="0" timestamp="15 Feb 2016 13:37:53 GMT" time="66.085" errors="0">
  <testcase name="test_1424" time="6.599" classname="tests.TestInvoiceHeaders_NoInvoiceCreation"/>
  <testcase name="test_1484" time="3.668" classname="tests.TestInvoiceHeaders_NoInvoiceCreation"/>
  <testcase name="test_1456_3" time="4.530" classname="tests.TestInvoiceHeaders_NoInvoiceCreation"/>
  <testcase name="test_1456_2" time="3.027" classname="tests.TestInvoiceHeaders_NoInvoiceCreation"/>
  <testcase name="test_1408" time="0.857" classname="tests.TestInvoiceHeaders_NoInvoiceCreation"/>
  <testcase name="test_1509" time="8.129" classname="tests.TestInvoiceHeaders_NoInvoiceCreation"/>
  <testcase name="test_1433" time="5.549" classname="tests.TestInvoiceHeaders_NoInvoiceCreation"/>
  <testcase name="test_1446" time="4.722" classname="tests.TestInvoiceHeaders_NoInvoiceCreation"/>
  <testcase name="test_1489" time="9.963" classname="tests.TestInvoiceHeaders_NoInvoiceCreation"/>
  <testcase name="test_1411" time="4.934" classname="tests.TestInvoiceHeaders_NoInvoiceCreation"/>
  <testcase name="test_1448_1436" time="3.329" classname="tests.TestInvoiceHeaders_NoInvoiceCreation"/>
  <testcase name="test_1456" time="2.047" classname="tests.TestInvoiceHeaders_NoInvoiceCreation"/>
  <testcase name="test_1449" time="2.784" classname="tests.TestInvoiceHeaders_NoInvoiceCreation"/>
  <testcase name="test_1432" time="5.947" classname="tests.TestInvoiceHeaders_NoInvoiceCreation"/>
</testsuite> <!-- tests.TestInvoiceHeaders_NoInvoiceCreation -->
