<?xml version="1.0" encoding="UTF-8"?>
<!-- Generated by org.testng.reporters.JUnitReportReporter -->
<testsuite hostname="DESKTOP-HR7OA0S" name="tests.TestRetrieveInvoiceInfo" tests="6" failures="0" timestamp="23 Feb 2016 09:43:06 GMT" time="43.131" errors="0">
  <testcase name="test_1467" time="6.521" classname="tests.TestRetrieveInvoiceInfo"/>
  <testcase name="test_1670" time="1.066" classname="tests.TestRetrieveInvoiceInfo"/>
  <testcase name="test_1485" time="7.343" classname="tests.TestRetrieveInvoiceInfo"/>
  <testcase name="test_1492" time="10.640" classname="tests.TestRetrieveInvoiceInfo"/>
  <testcase name="test_1463" time="8.119" classname="tests.TestRetrieveInvoiceInfo"/>
  <testcase name="test_1660" time="9.442" classname="tests.TestRetrieveInvoiceInfo"/>
</testsuite> <!-- tests.TestRetrieveInvoiceInfo -->
