<?xml version="1.0" encoding="UTF-8"?>
<!-- Generated by org.testng.reporters.JUnitReportReporter -->
<testsuite hostname="DESKTOP-HR7OA0S" name="tests.TestExtInvSupPortal" tests="20" failures="0" timestamp="23 Feb 2016 13:28:01 GMT" time="735.095" errors="0">
  <testcase name="test_1503" time="8.294" classname="tests.TestExtInvSupPortal"/>
  <testcase name="test_1506_4" time="6.875" classname="tests.TestExtInvSupPortal"/>
  <testcase name="test_1479" time="79.849" classname="tests.TestExtInvSupPortal"/>
  <testcase name="test_1483" time="83.118" classname="tests.TestExtInvSupPortal"/>
  <testcase name="test_1506_6" time="6.841" classname="tests.TestExtInvSupPortal"/>
  <testcase name="test_1466_1532" time="79.067" classname="tests.TestExtInvSupPortal"/>
  <testcase name="test_1506_3" time="6.666" classname="tests.TestExtInvSupPortal"/>
  <testcase name="test_1506_1" time="9.967" classname="tests.TestExtInvSupPortal"/>
  <testcase name="test_1506_7" time="6.755" classname="tests.TestExtInvSupPortal"/>
  <testcase name="test_1458" time="84.075" classname="tests.TestExtInvSupPortal"/>
  <testcase name="test_1455" time="80.323" classname="tests.TestExtInvSupPortal"/>
  <testcase name="test_1506_8" time="5.838" classname="tests.TestExtInvSupPortal"/>
  <testcase name="test_1442" time="76.599" classname="tests.TestExtInvSupPortal"/>
  <testcase name="test_1339" time="74.516" classname="tests.TestExtInvSupPortal"/>
  <testcase name="test_1498" time="84.070" classname="tests.TestExtInvSupPortal"/>
  <testcase name="test_1506_2" time="7.058" classname="tests.TestExtInvSupPortal"/>
  <testcase name="test_1549" time="9.276" classname="tests.TestExtInvSupPortal"/>
  <testcase name="test_1499" time="13.223" classname="tests.TestExtInvSupPortal"/>
  <testcase name="test_1620" time="5.643" classname="tests.TestExtInvSupPortal"/>
  <testcase name="test_1506_5" time="7.042" classname="tests.TestExtInvSupPortal"/>
</testsuite> <!-- tests.TestExtInvSupPortal -->
