<?xml version="1.0" encoding="UTF-8"?>
<!-- Generated by org.testng.reporters.JUnitReportReporter -->
<testsuite hostname="DESKTOP-HR7OA0S" name="tests.TestExtInvSupPortal" tests="20" failures="0" timestamp="17 Feb 2016 15:16:40 GMT" time="300.431" errors="0">
  <testcase name="test_1549" time="7.587" classname="tests.TestExtInvSupPortal"/>
  <testcase name="test_1506_7" time="10.086" classname="tests.TestExtInvSupPortal"/>
  <testcase name="test_1479" time="21.404" classname="tests.TestExtInvSupPortal"/>
  <testcase name="test_1503" time="6.627" classname="tests.TestExtInvSupPortal"/>
  <testcase name="test_1339" time="27.015" classname="tests.TestExtInvSupPortal"/>
  <testcase name="test_1466_1532" time="26.418" classname="tests.TestExtInvSupPortal"/>
  <testcase name="test_1506_8" time="10.305" classname="tests.TestExtInvSupPortal"/>
  <testcase name="test_1506_6" time="10.569" classname="tests.TestExtInvSupPortal"/>
  <testcase name="test_1506_5" time="7.886" classname="tests.TestExtInvSupPortal"/>
  <testcase name="test_1506_1" time="7.912" classname="tests.TestExtInvSupPortal"/>
  <testcase name="test_1498" time="27.018" classname="tests.TestExtInvSupPortal"/>
  <testcase name="test_1483" time="26.823" classname="tests.TestExtInvSupPortal"/>
  <testcase name="test_1506_4" time="7.797" classname="tests.TestExtInvSupPortal"/>
  <testcase name="test_1499" time="19.822" classname="tests.TestExtInvSupPortal"/>
  <testcase name="test_1442" time="8.488" classname="tests.TestExtInvSupPortal"/>
  <testcase name="test_1455" time="26.917" classname="tests.TestExtInvSupPortal"/>
  <testcase name="test_1458" time="26.068" classname="tests.TestExtInvSupPortal"/>
  <testcase name="test_1506_3" time="7.582" classname="tests.TestExtInvSupPortal"/>
  <testcase name="test_1620" time="6.610" classname="tests.TestExtInvSupPortal"/>
  <testcase name="test_1506_2" time="7.497" classname="tests.TestExtInvSupPortal"/>
</testsuite> <!-- tests.TestExtInvSupPortal -->
