<?xml version="1.0" encoding="UTF-8"?>
<!-- Generated by org.testng.reporters.JUnitReportReporter -->
<testsuite hostname="DESKTOP-HR7OA0S" name="tests.TestRetrieveInvoiceInfo" tests="4" failures="0" timestamp="4 Feb 2016 09:26:42 GMT" time="43.865" errors="0">
  <testcase name="test_1463" time="11.316" classname="tests.TestRetrieveInvoiceInfo"/>
  <testcase name="test_1492" time="10.990" classname="tests.TestRetrieveInvoiceInfo"/>
  <testcase name="test_1467" time="10.511" classname="tests.TestRetrieveInvoiceInfo"/>
  <testcase name="test_1485" time="11.048" classname="tests.TestRetrieveInvoiceInfo"/>
</testsuite> <!-- tests.TestRetrieveInvoiceInfo -->
