<?xml version="1.0" encoding="UTF-8"?>
<!-- Generated by org.testng.reporters.JUnitReportReporter -->
<testsuite hostname="DESKTOP-HR7OA0S" name="tests.TestRetrieveMeasurementsUnits" tests="1" failures="0" timestamp="17 Feb 2016 15:16:40 GMT" time="1.190" errors="0">
  <testcase name="checkRetrieveMeasurementsUnits" time="1.190" classname="tests.TestRetrieveMeasurementsUnits"/>
</testsuite> <!-- tests.TestRetrieveMeasurementsUnits -->
