<?xml version="1.0" encoding="UTF-8"?>
<!-- Generated by org.testng.reporters.JUnitReportReporter -->
<testsuite hostname="DESKTOP-HR7OA0S" name="tests.TestInvoiceHeaders_NoInvoiceCreation" tests="14" failures="0" timestamp="8 Mar 2016 12:27:20 GMT" time="105.475" errors="0">
  <testcase name="test_1408" time="2.230" classname="tests.TestInvoiceHeaders_NoInvoiceCreation"/>
  <testcase name="test_1456" time="5.060" classname="tests.TestInvoiceHeaders_NoInvoiceCreation"/>
  <testcase name="test_1433" time="7.387" classname="tests.TestInvoiceHeaders_NoInvoiceCreation"/>
  <testcase name="test_1456_2" time="9.560" classname="tests.TestInvoiceHeaders_NoInvoiceCreation"/>
  <testcase name="test_1509" time="13.672" classname="tests.TestInvoiceHeaders_NoInvoiceCreation"/>
  <testcase name="test_1432" time="8.584" classname="tests.TestInvoiceHeaders_NoInvoiceCreation"/>
  <testcase name="test_1456_3" time="4.061" classname="tests.TestInvoiceHeaders_NoInvoiceCreation"/>
  <testcase name="test_1446" time="4.355" classname="tests.TestInvoiceHeaders_NoInvoiceCreation"/>
  <testcase name="test_1424" time="8.950" classname="tests.TestInvoiceHeaders_NoInvoiceCreation"/>
  <testcase name="test_1411" time="4.118" classname="tests.TestInvoiceHeaders_NoInvoiceCreation"/>
  <testcase name="test_1489" time="18.694" classname="tests.TestInvoiceHeaders_NoInvoiceCreation"/>
  <testcase name="test_1449" time="4.394" classname="tests.TestInvoiceHeaders_NoInvoiceCreation"/>
  <testcase name="test_1448_1436" time="5.718" classname="tests.TestInvoiceHeaders_NoInvoiceCreation"/>
  <testcase name="test_1484" time="8.692" classname="tests.TestInvoiceHeaders_NoInvoiceCreation"/>
</testsuite> <!-- tests.TestInvoiceHeaders_NoInvoiceCreation -->
