<?xml version="1.0" encoding="UTF-8"?>
<!-- Generated by org.testng.reporters.JUnitReportReporter -->
<testsuite hostname="DESKTOP-HR7OA0S" name="tests.TestRetrieveInvoiceInfo" tests="1" failures="0" timestamp="26 Jan 2016 15:23:39 GMT" time="10.374" errors="0">
  <testcase name="test_1492" time="10.374" classname="tests.TestRetrieveInvoiceInfo"/>
</testsuite> <!-- tests.TestRetrieveInvoiceInfo -->
