<?xml version="1.0" encoding="UTF-8"?>
<!-- Generated by org.testng.reporters.JUnitReportReporter -->
<testsuite hostname="DESKTOP-HR7OA0S" name="tests.TestExtInvSupPortal" tests="20" failures="0" timestamp="15 Feb 2016 13:37:53 GMT" time="165.871" errors="0">
  <testcase name="test_1506_6" time="6.807" classname="tests.TestExtInvSupPortal"/>
  <testcase name="test_1506_4" time="7.204" classname="tests.TestExtInvSupPortal"/>
  <testcase name="test_1442" time="3.120" classname="tests.TestExtInvSupPortal"/>
  <testcase name="test_1339" time="11.724" classname="tests.TestExtInvSupPortal"/>
  <testcase name="test_1455" time="9.768" classname="tests.TestExtInvSupPortal"/>
  <testcase name="test_1503" time="8.192" classname="tests.TestExtInvSupPortal"/>
  <testcase name="test_1499" time="8.922" classname="tests.TestExtInvSupPortal"/>
  <testcase name="test_1506_1" time="6.679" classname="tests.TestExtInvSupPortal"/>
  <testcase name="test_1498" time="9.923" classname="tests.TestExtInvSupPortal"/>
  <testcase name="test_1615" time="4.971" classname="tests.TestExtInvSupPortal"/>
  <testcase name="test_1506_3" time="7.052" classname="tests.TestExtInvSupPortal"/>
  <testcase name="test_1466_1532" time="11.264" classname="tests.TestExtInvSupPortal"/>
  <testcase name="test_1506_2" time="8.542" classname="tests.TestExtInvSupPortal"/>
  <testcase name="test_1458" time="13.297" classname="tests.TestExtInvSupPortal"/>
  <testcase name="test_1549" time="8.356" classname="tests.TestExtInvSupPortal"/>
  <testcase name="test_1506_7" time="6.157" classname="tests.TestExtInvSupPortal"/>
  <testcase name="test_1506_5" time="7.667" classname="tests.TestExtInvSupPortal"/>
  <testcase name="test_1506_8" time="8.051" classname="tests.TestExtInvSupPortal"/>
  <testcase name="test_1483" time="7.428" classname="tests.TestExtInvSupPortal"/>
  <testcase name="test_1479" time="10.747" classname="tests.TestExtInvSupPortal"/>
</testsuite> <!-- tests.TestExtInvSupPortal -->
