<?xml version="1.0" encoding="UTF-8"?>
<!-- Generated by org.testng.reporters.JUnitReportReporter -->
<testsuite hostname="DESKTOP-HR7OA0S" name="TestInvoiceHeaders" tests="4" failures="0" timestamp="13 Jan 2016 12:55:33 GMT" time="0.886" errors="0">
  <testcase name="testInvoiceHeaders" time="0.306" classname="TestInvoiceHeaders"/>
  <testcase name="test_1413_1427" time="0.206" classname="TestInvoiceHeaders"/>
  <testcase name="test_1432" time="0.190" classname="TestInvoiceHeaders"/>
  <testcase name="test_1368" time="0.184" classname="TestInvoiceHeaders"/>
</testsuite> <!-- TestInvoiceHeaders -->
