<?xml version="1.0" encoding="UTF-8"?>
<!-- Generated by org.testng.reporters.JUnitReportReporter -->
<testsuite hostname="DESKTOP-HR7OA0S" name="tests.TestExtInvSupPortal" tests="26" failures="0" timestamp="1 Feb 2016 13:56:46 GMT" time="1125.958" errors="0">
  <testcase name="test_1549" time="7.387" classname="tests.TestExtInvSupPortal"/>
  <testcase name="test_1498" time="66.615" classname="tests.TestExtInvSupPortal"/>
  <testcase name="test_1506_5" time="6.935" classname="tests.TestExtInvSupPortal"/>
  <testcase name="test_1466_1532" time="67.967" classname="tests.TestExtInvSupPortal"/>
  <testcase name="test_1506_12" time="68.048" classname="tests.TestExtInvSupPortal"/>
  <testcase name="test_1458" time="65.511" classname="tests.TestExtInvSupPortal"/>
  <testcase name="test_1506_11" time="67.444" classname="tests.TestExtInvSupPortal"/>
  <testcase name="test_1506_9" time="7.148" classname="tests.TestExtInvSupPortal"/>
  <testcase name="test_1442" time="2.911" classname="tests.TestExtInvSupPortal"/>
  <testcase name="test_1615" time="5.625" classname="tests.TestExtInvSupPortal"/>
  <testcase name="test_1483" time="66.696" classname="tests.TestExtInvSupPortal"/>
  <testcase name="test_1506_1" time="66.410" classname="tests.TestExtInvSupPortal"/>
  <testcase name="test_1506_8" time="7.041" classname="tests.TestExtInvSupPortal"/>
  <testcase name="test_1506_3" time="7.545" classname="tests.TestExtInvSupPortal"/>
  <testcase name="test_1339" time="66.025" classname="tests.TestExtInvSupPortal"/>
  <testcase name="test_1506_14" time="65.309" classname="tests.TestExtInvSupPortal"/>
  <testcase name="test_1506_7" time="7.437" classname="tests.TestExtInvSupPortal"/>
  <testcase name="test_1499" time="68.889" classname="tests.TestExtInvSupPortal"/>
  <testcase name="test_1479" time="62.426" classname="tests.TestExtInvSupPortal"/>
  <testcase name="test_1506_4" time="7.042" classname="tests.TestExtInvSupPortal"/>
  <testcase name="test_1506_6" time="7.529" classname="tests.TestExtInvSupPortal"/>
  <testcase name="test_1455" time="64.226" classname="tests.TestExtInvSupPortal"/>
  <testcase name="test_1506_13" time="64.579" classname="tests.TestExtInvSupPortal"/>
  <testcase name="test_1503" time="66.964" classname="tests.TestExtInvSupPortal"/>
  <testcase name="test_1506_10" time="67.436" classname="tests.TestExtInvSupPortal"/>
  <testcase name="test_1506_2" time="64.813" classname="tests.TestExtInvSupPortal"/>
</testsuite> <!-- tests.TestExtInvSupPortal -->
