<?xml version="1.0" encoding="UTF-8"?>
<!-- Generated by org.testng.reporters.JUnitReportReporter -->
<testsuite hostname="DESKTOP-HR7OA0S" name="tests.WarmUpTests" tests="2" failures="0" timestamp="23 Feb 2016 12:24:34 GMT" time="19.194" errors="0">
  <testcase name="createCache" time="10.315" classname="tests.WarmUpTests"/>
  <testcase name="executeNormalTest" time="8.879" classname="tests.WarmUpTests"/>
</testsuite> <!-- tests.WarmUpTests -->
