<?xml version="1.0" encoding="UTF-8"?>
<!-- Generated by org.testng.reporters.JUnitReportReporter -->
<testsuite hostname="DESKTOP-HR7OA0S" name="tests.TestRetrieveInvoiceInfo" tests="6" failures="0" timestamp="23 Feb 2016 13:40:10 GMT" time="155.451" errors="0">
  <testcase name="test_1670" time="5.810" classname="tests.TestRetrieveInvoiceInfo"/>
  <testcase name="test_1492" time="29.055" classname="tests.TestRetrieveInvoiceInfo"/>
  <testcase name="test_1463" time="30.953" classname="tests.TestRetrieveInvoiceInfo"/>
  <testcase name="test_1660" time="27.960" classname="tests.TestRetrieveInvoiceInfo"/>
  <testcase name="test_1467" time="31.163" classname="tests.TestRetrieveInvoiceInfo"/>
  <testcase name="test_1485" time="30.510" classname="tests.TestRetrieveInvoiceInfo"/>
</testsuite> <!-- tests.TestRetrieveInvoiceInfo -->
