<?xml version="1.0" encoding="UTF-8"?>
<!-- Generated by org.testng.reporters.JUnitReportReporter -->
<testsuite hostname="DESKTOP-HR7OA0S" name="tests.TestExtInvSupPortal" tests="27" failures="1" timestamp="22 Jan 2016 15:55:54 GMT" time="114.868" errors="0">
  <testcase name="test_1506_11" time="5.255" classname="tests.TestExtInvSupPortal"/>
  <testcase name="test_1506_14" time="4.481" classname="tests.TestExtInvSupPortal"/>
  <testcase name="test_1506_4" time="5.753" classname="tests.TestExtInvSupPortal"/>
  <testcase name="test_1506_9" time="4.806" classname="tests.TestExtInvSupPortal"/>
  <testcase name="test_1483" time="4.008" classname="tests.TestExtInvSupPortal"/>
  <testcase name="test_1506_7" time="5.010" classname="tests.TestExtInvSupPortal"/>
  <testcase name="test_1503" time="4.972" classname="tests.TestExtInvSupPortal"/>
  <testcase name="test_1506_3" time="4.372" classname="tests.TestExtInvSupPortal"/>
  <testcase name="test_1506_13" time="4.325" classname="tests.TestExtInvSupPortal"/>
  <testcase name="test_1479" time="2.314" classname="tests.TestExtInvSupPortal"/>
  <testcase name="test_1506_12" time="5.033" classname="tests.TestExtInvSupPortal"/>
  <testcase name="test_1506_2" time="4.445" classname="tests.TestExtInvSupPortal"/>
  <testcase name="test_1408" time="0.864" classname="tests.TestExtInvSupPortal"/>
  <testcase name="test_1442" time="0.912" classname="tests.TestExtInvSupPortal"/>
  <testcase name="test_1506_5" time="5.587" classname="tests.TestExtInvSupPortal"/>
  <testcase name="test_1466" time="3.479" classname="tests.TestExtInvSupPortal">
    <failure type="java.lang.AssertionError" message="expected [true] but found [false]">
      <![CDATA[java.lang.AssertionError: expected [true] but found [false]
	at org.testng.Assert.fail(Assert.java:94)
	at org.testng.Assert.failNotEquals(Assert.java:513)
	at org.testng.Assert.assertTrue(Assert.java:42)
	at org.testng.Assert.assertTrue(Assert.java:52)
	at tests.TestExtInvSupPortal.test_1466(TestExtInvSupPortal.java:236)
	at sun.reflect.NativeMethodAccessorImpl.invoke0(Native Method)
	at sun.reflect.NativeMethodAccessorImpl.invoke(Unknown Source)
	at sun.reflect.DelegatingMethodAccessorImpl.invoke(Unknown Source)
	at java.lang.reflect.Method.invoke(Unknown Source)
	at org.testng.internal.MethodInvocationHelper.invokeMethod(MethodInvocationHelper.java:86)
	at org.testng.internal.Invoker.invokeMethod(Invoker.java:645)
	at org.testng.internal.Invoker.invokeTestMethod(Invoker.java:822)
	at org.testng.internal.Invoker.invokeTestMethods(Invoker.java:1130)
	at org.testng.internal.TestMethodWorker.invokeTestMethods(TestMethodWorker.java:129)
	at org.testng.internal.TestMethodWorker.run(TestMethodWorker.java:112)
	at org.testng.TestRunner.privateRun(TestRunner.java:782)
	at org.testng.TestRunner.run(TestRunner.java:632)
	at org.testng.SuiteRunner.runTest(SuiteRunner.java:366)
	at org.testng.SuiteRunner.runSequentially(SuiteRunner.java:361)
	at org.testng.SuiteRunner.privateRun(SuiteRunner.java:319)
	at org.testng.SuiteRunner.run(SuiteRunner.java:268)
	at org.testng.SuiteRunnerWorker.runSuite(SuiteRunnerWorker.java:52)
	at org.testng.SuiteRunnerWorker.run(SuiteRunnerWorker.java:86)
	at org.testng.TestNG.runSuitesSequentially(TestNG.java:1244)
	at org.testng.TestNG.runSuitesLocally(TestNG.java:1169)
	at org.testng.TestNG.run(TestNG.java:1064)
	at org.testng.remote.RemoteTestNG.run(RemoteTestNG.java:113)
	at org.testng.remote.RemoteTestNG.initAndRun(RemoteTestNG.java:206)
	at org.testng.remote.RemoteTestNG.main(RemoteTestNG.java:177)
]]>
    </failure>
  </testcase> <!-- test_1466 -->
  <testcase name="test_1506_8" time="4.785" classname="tests.TestExtInvSupPortal"/>
  <testcase name="test_1458" time="4.379" classname="tests.TestExtInvSupPortal"/>
  <testcase name="test_1499" time="5.837" classname="tests.TestExtInvSupPortal"/>
  <testcase name="test_1549" time="5.495" classname="tests.TestExtInvSupPortal"/>
  <testcase name="test_1455" time="3.909" classname="tests.TestExtInvSupPortal"/>
  <testcase name="test_1506_6" time="4.408" classname="tests.TestExtInvSupPortal"/>
  <testcase name="test_1506_10" time="4.038" classname="tests.TestExtInvSupPortal"/>
  <testcase name="test_1498" time="3.587" classname="tests.TestExtInvSupPortal"/>
  <testcase name="testExternalInvoice" time="3.329" classname="tests.TestExtInvSupPortal"/>
  <testcase name="test_1506_1" time="4.481" classname="tests.TestExtInvSupPortal"/>
  <testcase name="test_1339" time="5.004" classname="tests.TestExtInvSupPortal"/>
</testsuite> <!-- tests.TestExtInvSupPortal -->
