<?xml version="1.0" encoding="UTF-8"?>
<!-- Generated by org.testng.reporters.JUnitReportReporter -->
<testsuite hostname="DESKTOP-HR7OA0S" name="tests.TestRetrieveInvoiceInfo" tests="6" failures="0" timestamp="23 Feb 2016 13:28:01 GMT" time="492.775" errors="0">
  <testcase name="test_1492" time="83.144" classname="tests.TestRetrieveInvoiceInfo"/>
  <testcase name="test_1485" time="84.092" classname="tests.TestRetrieveInvoiceInfo"/>
  <testcase name="test_1670" time="71.696" classname="tests.TestRetrieveInvoiceInfo"/>
  <testcase name="test_1660" time="84.211" classname="tests.TestRetrieveInvoiceInfo"/>
  <testcase name="test_1467" time="83.916" classname="tests.TestRetrieveInvoiceInfo"/>
  <testcase name="test_1463" time="85.716" classname="tests.TestRetrieveInvoiceInfo"/>
</testsuite> <!-- tests.TestRetrieveInvoiceInfo -->
