<?xml version="1.0" encoding="UTF-8"?>
<!-- Generated by org.testng.reporters.JUnitReportReporter -->
<testsuite hostname="DESKTOP-HR7OA0S" name="tests.TestInvoiceHeaders" tests="4" failures="0" timestamp="22 Jan 2016 15:55:54 GMT" time="0.898" errors="0">
  <testcase name="test_1368" time="0.226" classname="tests.TestInvoiceHeaders"/>
  <testcase name="test_1413_1427" time="0.220" classname="tests.TestInvoiceHeaders"/>
  <testcase name="testInvoiceHeaders" time="0.216" classname="tests.TestInvoiceHeaders"/>
  <testcase name="test_1432" time="0.236" classname="tests.TestInvoiceHeaders"/>
</testsuite> <!-- tests.TestInvoiceHeaders -->
