<?xml version="1.0" encoding="UTF-8"?>
<!-- Generated by org.testng.reporters.JUnitReportReporter -->
<testsuite hostname="DESKTOP-HR7OA0S" name="tests.TestInvoiceHeaders" tests="4" failures="0" timestamp="10 Mar 2016 14:04:27 GMT" time="1.903" errors="0">
  <testcase name="test_1368" time="0.525" classname="tests.TestInvoiceHeaders"/>
  <testcase name="test_1432" time="0.514" classname="tests.TestInvoiceHeaders"/>
  <testcase name="test_1413_1427" time="0.432" classname="tests.TestInvoiceHeaders"/>
  <testcase name="test_1656" time="0.432" classname="tests.TestInvoiceHeaders"/>
</testsuite> <!-- tests.TestInvoiceHeaders -->
