<?xml version="1.0" encoding="UTF-8"?>
<!-- Generated by org.testng.reporters.JUnitReportReporter -->
<testsuite hostname="DESKTOP-HR7OA0S" name="tests.TestExtInvSupPortalDef" tests="1" failures="0" timestamp="27 Jan 2016 13:31:37 GMT" time="36.614" errors="0">
  <testcase name="Atest_1339" time="36.614" classname="tests.TestExtInvSupPortalDef"/>
</testsuite> <!-- tests.TestExtInvSupPortalDef -->
