<?xml version="1.0" encoding="UTF-8"?>
<!-- Generated by org.testng.reporters.JUnitReportReporter -->
<testsuite hostname="DESKTOP-HR7OA0S" name="tests.TestInvoiceHeaders" tests="4" failures="0" timestamp="23 Feb 2016 13:28:01 GMT" time="169.914" errors="0">
  <testcase name="test_1432" time="74.533" classname="tests.TestInvoiceHeaders"/>
  <testcase name="test_1656" time="73.475" classname="tests.TestInvoiceHeaders"/>
  <testcase name="test_1368" time="13.476" classname="tests.TestInvoiceHeaders"/>
  <testcase name="test_1413_1427" time="8.430" classname="tests.TestInvoiceHeaders"/>
</testsuite> <!-- tests.TestInvoiceHeaders -->
