<?xml version="1.0" encoding="UTF-8"?>
<!-- Generated by org.testng.reporters.JUnitReportReporter -->
<testsuite hostname="DESKTOP-HR7OA0S" name="tests.TestExtInvSupPortal" tests="20" failures="0" timestamp="4 Feb 2016 09:26:42 GMT" time="208.524" errors="0">
  <testcase name="test_1615" time="7.669" classname="tests.TestExtInvSupPortal"/>
  <testcase name="test_1498" time="14.050" classname="tests.TestExtInvSupPortal"/>
  <testcase name="test_1506_8" time="11.279" classname="tests.TestExtInvSupPortal"/>
  <testcase name="test_1442" time="2.016" classname="tests.TestExtInvSupPortal"/>
  <testcase name="test_1483" time="13.308" classname="tests.TestExtInvSupPortal"/>
  <testcase name="test_1499" time="11.271" classname="tests.TestExtInvSupPortal"/>
  <testcase name="test_1455" time="14.173" classname="tests.TestExtInvSupPortal"/>
  <testcase name="test_1506_4" time="11.596" classname="tests.TestExtInvSupPortal"/>
  <testcase name="test_1549" time="11.388" classname="tests.TestExtInvSupPortal"/>
  <testcase name="test_1503" time="9.461" classname="tests.TestExtInvSupPortal"/>
  <testcase name="test_1506_7" time="10.806" classname="tests.TestExtInvSupPortal"/>
  <testcase name="test_1466_1532" time="8.287" classname="tests.TestExtInvSupPortal"/>
  <testcase name="test_1506_1" time="9.552" classname="tests.TestExtInvSupPortal"/>
  <testcase name="test_1506_5" time="12.369" classname="tests.TestExtInvSupPortal"/>
  <testcase name="test_1506_6" time="10.862" classname="tests.TestExtInvSupPortal"/>
  <testcase name="test_1339" time="12.150" classname="tests.TestExtInvSupPortal"/>
  <testcase name="test_1458" time="11.822" classname="tests.TestExtInvSupPortal"/>
  <testcase name="test_1506_2" time="11.169" classname="tests.TestExtInvSupPortal"/>
  <testcase name="test_1479" time="4.637" classname="tests.TestExtInvSupPortal"/>
  <testcase name="test_1506_3" time="10.659" classname="tests.TestExtInvSupPortal"/>
</testsuite> <!-- tests.TestExtInvSupPortal -->
