<?xml version="1.0" encoding="UTF-8"?>
<!-- Generated by org.testng.reporters.JUnitReportReporter -->
<testsuite hostname="DESKTOP-HR7OA0S" name="tests.TestInvoiceHeaders" tests="3" failures="0" timestamp="28 Jan 2016 14:45:02 GMT" time="17.529" errors="0">
  <testcase name="test_1413_1427" time="6.711" classname="tests.TestInvoiceHeaders"/>
  <testcase name="test_1432" time="4.868" classname="tests.TestInvoiceHeaders"/>
  <testcase name="test_1368" time="5.950" classname="tests.TestInvoiceHeaders"/>
</testsuite> <!-- tests.TestInvoiceHeaders -->
