<?xml version="1.0" encoding="UTF-8"?>
<!-- Generated by org.testng.reporters.JUnitReportReporter -->
<testsuite hostname="DESKTOP-HR7OA0S" name="tests.MyTestClass1" tests="2" failures="0" timestamp="22 Jan 2016 10:01:08 GMT" time="0.004" errors="0">
  <testcase name="myTestMethod1" time="0.003" classname="tests.MyTestClass1"/>
  <testcase name="myTestMethod2" time="0.001" classname="tests.MyTestClass1"/>
</testsuite> <!-- tests.MyTestClass1 -->
