<?xml version="1.0" encoding="UTF-8"?>
<!-- Generated by org.testng.reporters.JUnitReportReporter -->
<testsuite hostname="DESKTOP-HR7OA0S" name="tests.TestExtInvSupPortal" tests="20" failures="0" timestamp="23 Feb 2016 13:40:10 GMT" time="328.303" errors="0">
  <testcase name="test_1620" time="5.844" classname="tests.TestExtInvSupPortal"/>
  <testcase name="test_1506_2" time="8.754" classname="tests.TestExtInvSupPortal"/>
  <testcase name="test_1499" time="9.850" classname="tests.TestExtInvSupPortal"/>
  <testcase name="test_1506_6" time="10.889" classname="tests.TestExtInvSupPortal"/>
  <testcase name="test_1498" time="30.526" classname="tests.TestExtInvSupPortal"/>
  <testcase name="test_1506_1" time="7.967" classname="tests.TestExtInvSupPortal"/>
  <testcase name="test_1506_4" time="7.941" classname="tests.TestExtInvSupPortal"/>
  <testcase name="test_1506_3" time="10.628" classname="tests.TestExtInvSupPortal"/>
  <testcase name="test_1339" time="26.901" classname="tests.TestExtInvSupPortal"/>
  <testcase name="test_1549" time="9.673" classname="tests.TestExtInvSupPortal"/>
  <testcase name="test_1479" time="26.581" classname="tests.TestExtInvSupPortal"/>
  <testcase name="test_1506_8" time="8.248" classname="tests.TestExtInvSupPortal"/>
  <testcase name="test_1506_5" time="9.289" classname="tests.TestExtInvSupPortal"/>
  <testcase name="test_1483" time="26.616" classname="tests.TestExtInvSupPortal"/>
  <testcase name="test_1466_1532" time="31.053" classname="tests.TestExtInvSupPortal"/>
  <testcase name="test_1442" time="24.488" classname="tests.TestExtInvSupPortal"/>
  <testcase name="test_1458" time="28.973" classname="tests.TestExtInvSupPortal"/>
  <testcase name="test_1503" time="7.212" classname="tests.TestExtInvSupPortal"/>
  <testcase name="test_1506_7" time="8.293" classname="tests.TestExtInvSupPortal"/>
  <testcase name="test_1455" time="28.577" classname="tests.TestExtInvSupPortal"/>
</testsuite> <!-- tests.TestExtInvSupPortal -->
