<?xml version="1.0" encoding="UTF-8"?>
<!-- Generated by org.testng.reporters.JUnitReportReporter -->
<testsuite hostname="DESKTOP-HR7OA0S" name="tests.TestExtInvSupPortal" tests="26" failures="0" timestamp="1 Feb 2016 11:02:10 GMT" time="222.805" errors="0">
  <testcase name="test_1506_13" time="6.944" classname="tests.TestExtInvSupPortal"/>
  <testcase name="test_1506_5" time="7.466" classname="tests.TestExtInvSupPortal"/>
  <testcase name="test_1506_14" time="6.695" classname="tests.TestExtInvSupPortal"/>
  <testcase name="test_1455" time="12.108" classname="tests.TestExtInvSupPortal"/>
  <testcase name="test_1506_10" time="7.575" classname="tests.TestExtInvSupPortal"/>
  <testcase name="test_1506_9" time="7.347" classname="tests.TestExtInvSupPortal"/>
  <testcase name="test_1458" time="13.404" classname="tests.TestExtInvSupPortal"/>
  <testcase name="test_1498" time="12.866" classname="tests.TestExtInvSupPortal"/>
  <testcase name="test_1479" time="9.308" classname="tests.TestExtInvSupPortal"/>
  <testcase name="test_1442" time="2.591" classname="tests.TestExtInvSupPortal"/>
  <testcase name="test_1506_8" time="7.787" classname="tests.TestExtInvSupPortal"/>
  <testcase name="test_1615" time="4.866" classname="tests.TestExtInvSupPortal"/>
  <testcase name="test_1506_11" time="7.479" classname="tests.TestExtInvSupPortal"/>
  <testcase name="test_1466_1532" time="13.404" classname="tests.TestExtInvSupPortal"/>
  <testcase name="test_1549" time="7.196" classname="tests.TestExtInvSupPortal"/>
  <testcase name="test_1506_3" time="7.727" classname="tests.TestExtInvSupPortal"/>
  <testcase name="test_1506_2" time="5.531" classname="tests.TestExtInvSupPortal"/>
  <testcase name="test_1506_4" time="6.764" classname="tests.TestExtInvSupPortal"/>
  <testcase name="test_1483" time="14.069" classname="tests.TestExtInvSupPortal"/>
  <testcase name="test_1506_12" time="7.277" classname="tests.TestExtInvSupPortal"/>
  <testcase name="test_1503" time="6.470" classname="tests.TestExtInvSupPortal"/>
  <testcase name="test_1499" time="13.014" classname="tests.TestExtInvSupPortal"/>
  <testcase name="test_1506_6" time="7.471" classname="tests.TestExtInvSupPortal"/>
  <testcase name="test_1506_1" time="8.112" classname="tests.TestExtInvSupPortal"/>
  <testcase name="test_1339" time="12.324" classname="tests.TestExtInvSupPortal"/>
  <testcase name="test_1506_7" time="7.010" classname="tests.TestExtInvSupPortal"/>
</testsuite> <!-- tests.TestExtInvSupPortal -->
