<?xml version="1.0" encoding="UTF-8"?>
<!-- Generated by org.testng.reporters.JUnitReportReporter -->
<testsuite hostname="DESKTOP-HR7OA0S" name="TestExtInvSupPortal" tests="1" failures="0" timestamp="13 Jan 2016 12:55:33 GMT" time="3.244" errors="0">
  <testcase name="testExternalInvoice" time="3.244" classname="TestExtInvSupPortal"/>
</testsuite> <!-- TestExtInvSupPortal -->
