<?xml version="1.0" encoding="UTF-8"?>
<!-- Generated by org.testng.reporters.JUnitReportReporter -->
<testsuite hostname="DESKTOP-HR7OA0S" name="tests.TestExtInvSupPortal" tests="27" failures="0" timestamp="22 Jan 2016 10:56:20 GMT" time="102.261" errors="0">
  <testcase name="test_1506_12" time="5.106" classname="tests.TestExtInvSupPortal"/>
  <testcase name="test_1506_8" time="3.991" classname="tests.TestExtInvSupPortal"/>
  <testcase name="test_1479" time="1.832" classname="tests.TestExtInvSupPortal"/>
  <testcase name="test_1506_1" time="3.578" classname="tests.TestExtInvSupPortal"/>
  <testcase name="test_1506_7" time="3.308" classname="tests.TestExtInvSupPortal"/>
  <testcase name="test_1503" time="4.306" classname="tests.TestExtInvSupPortal"/>
  <testcase name="test_1506_3" time="5.360" classname="tests.TestExtInvSupPortal"/>
  <testcase name="test_1549" time="4.757" classname="tests.TestExtInvSupPortal"/>
  <testcase name="test_1498" time="3.780" classname="tests.TestExtInvSupPortal"/>
  <testcase name="test_1408" time="0.476" classname="tests.TestExtInvSupPortal"/>
  <testcase name="test_1506_6" time="3.408" classname="tests.TestExtInvSupPortal"/>
  <testcase name="test_1455" time="3.918" classname="tests.TestExtInvSupPortal"/>
  <testcase name="test_1506_4" time="3.791" classname="tests.TestExtInvSupPortal"/>
  <testcase name="test_1442" time="0.623" classname="tests.TestExtInvSupPortal"/>
  <testcase name="test_1506_9" time="3.757" classname="tests.TestExtInvSupPortal"/>
  <testcase name="test_1483" time="4.004" classname="tests.TestExtInvSupPortal"/>
  <testcase name="test_1339" time="4.088" classname="tests.TestExtInvSupPortal"/>
  <testcase name="testExternalInvoice" time="3.611" classname="tests.TestExtInvSupPortal"/>
  <testcase name="test_1506_5" time="3.540" classname="tests.TestExtInvSupPortal"/>
  <testcase name="test_1506_11" time="5.187" classname="tests.TestExtInvSupPortal"/>
  <testcase name="test_1506_13" time="4.976" classname="tests.TestExtInvSupPortal"/>
  <testcase name="test_1458" time="3.932" classname="tests.TestExtInvSupPortal"/>
  <testcase name="test_1499" time="4.886" classname="tests.TestExtInvSupPortal"/>
  <testcase name="test_1506_10" time="4.538" classname="tests.TestExtInvSupPortal"/>
  <testcase name="test_1506_14" time="4.443" classname="tests.TestExtInvSupPortal"/>
  <testcase name="test_1506_2" time="3.579" classname="tests.TestExtInvSupPortal"/>
  <testcase name="test_1466" time="3.486" classname="tests.TestExtInvSupPortal"/>
</testsuite> <!-- tests.TestExtInvSupPortal -->
