<?xml version="1.0" encoding="UTF-8"?>
<!-- Generated by org.testng.reporters.JUnitReportReporter -->
<testsuite hostname="DESKTOP-HR7OA0S" name="tests.TestRetrieveInvoiceInfo" tests="1" failures="0" timestamp="18 Feb 2016 13:41:17 GMT" time="1.849" errors="0">
  <testcase name="test_1670" time="1.849" classname="tests.TestRetrieveInvoiceInfo"/>
</testsuite> <!-- tests.TestRetrieveInvoiceInfo -->
