<?xml version="1.0" encoding="UTF-8"?>
<!-- Generated by org.testng.reporters.JUnitReportReporter -->
<testsuite hostname="DESKTOP-HR7OA0S" name="tests.TestInvoiceHeaders_NoInvoiceCreation" tests="14" failures="0" timestamp="10 Mar 2016 14:04:27 GMT" time="145.234" errors="0">
  <testcase name="test_1484" time="4.686" classname="tests.TestInvoiceHeaders_NoInvoiceCreation"/>
  <testcase name="test_1424" time="4.918" classname="tests.TestInvoiceHeaders_NoInvoiceCreation"/>
  <testcase name="test_1449" time="5.104" classname="tests.TestInvoiceHeaders_NoInvoiceCreation"/>
  <testcase name="test_1489" time="12.639" classname="tests.TestInvoiceHeaders_NoInvoiceCreation"/>
  <testcase name="test_1509" time="9.258" classname="tests.TestInvoiceHeaders_NoInvoiceCreation"/>
  <testcase name="test_1408" time="70.775" classname="tests.TestInvoiceHeaders_NoInvoiceCreation"/>
  <testcase name="test_1411" time="3.923" classname="tests.TestInvoiceHeaders_NoInvoiceCreation"/>
  <testcase name="test_1446" time="3.513" classname="tests.TestInvoiceHeaders_NoInvoiceCreation"/>
  <testcase name="test_1448_1436" time="4.791" classname="tests.TestInvoiceHeaders_NoInvoiceCreation"/>
  <testcase name="test_1456_2" time="5.409" classname="tests.TestInvoiceHeaders_NoInvoiceCreation"/>
  <testcase name="test_1456" time="4.605" classname="tests.TestInvoiceHeaders_NoInvoiceCreation"/>
  <testcase name="test_1456_3" time="4.970" classname="tests.TestInvoiceHeaders_NoInvoiceCreation"/>
  <testcase name="test_1432" time="5.283" classname="tests.TestInvoiceHeaders_NoInvoiceCreation"/>
  <testcase name="test_1433" time="5.360" classname="tests.TestInvoiceHeaders_NoInvoiceCreation"/>
</testsuite> <!-- tests.TestInvoiceHeaders_NoInvoiceCreation -->
