<?xml version="1.0" encoding="UTF-8"?>
<!-- Generated by org.testng.reporters.JUnitReportReporter -->
<testsuite hostname="DESKTOP-HR7OA0S" name="tests.TestInvoiceHeaders" tests="4" failures="0" timestamp="23 Feb 2016 13:42:15 GMT" time="1.809" errors="0">
  <testcase name="test_1413_1427" time="0.458" classname="tests.TestInvoiceHeaders"/>
  <testcase name="test_1368" time="0.549" classname="tests.TestInvoiceHeaders"/>
  <testcase name="test_1432" time="0.441" classname="tests.TestInvoiceHeaders"/>
  <testcase name="test_1656" time="0.361" classname="tests.TestInvoiceHeaders"/>
</testsuite> <!-- tests.TestInvoiceHeaders -->
