<?xml version="1.0" encoding="UTF-8"?>
<!-- Generated by org.testng.reporters.JUnitReportReporter -->
<testsuite hostname="DESKTOP-HR7OA0S" name="tests.TestInvoiceHeaders" tests="3" failures="0" timestamp="5 Feb 2016 16:37:27 GMT" time="19.676" errors="0">
  <testcase name="test_1413_1427" time="8.174" classname="tests.TestInvoiceHeaders"/>
  <testcase name="test_1432" time="5.206" classname="tests.TestInvoiceHeaders"/>
  <testcase name="test_1368" time="6.296" classname="tests.TestInvoiceHeaders"/>
</testsuite> <!-- tests.TestInvoiceHeaders -->
