<?xml version="1.0" encoding="UTF-8"?>
<!-- Generated by org.testng.reporters.JUnitReportReporter -->
<testsuite hostname="DESKTOP-HR7OA0S" name="tests.TestExtInvSupPortal" tests="20" failures="0" timestamp="10 Mar 2016 14:04:27 GMT" time="184.695" errors="0">
  <testcase name="test_1339" time="9.198" classname="tests.TestExtInvSupPortal"/>
  <testcase name="test_1498" time="12.728" classname="tests.TestExtInvSupPortal"/>
  <testcase name="test_1506_3" time="9.594" classname="tests.TestExtInvSupPortal"/>
  <testcase name="test_1506_1" time="8.897" classname="tests.TestExtInvSupPortal"/>
  <testcase name="test_1506_5" time="8.536" classname="tests.TestExtInvSupPortal"/>
  <testcase name="test_1506_2" time="8.324" classname="tests.TestExtInvSupPortal"/>
  <testcase name="test_1483" time="13.736" classname="tests.TestExtInvSupPortal"/>
  <testcase name="test_1479" time="8.644" classname="tests.TestExtInvSupPortal"/>
  <testcase name="test_1503" time="9.481" classname="tests.TestExtInvSupPortal"/>
  <testcase name="test_1458" time="9.442" classname="tests.TestExtInvSupPortal"/>
  <testcase name="test_1499" time="12.712" classname="tests.TestExtInvSupPortal"/>
  <testcase name="test_1466_1532" time="11.227" classname="tests.TestExtInvSupPortal"/>
  <testcase name="test_1442" time="4.515" classname="tests.TestExtInvSupPortal"/>
  <testcase name="test_1506_4" time="8.049" classname="tests.TestExtInvSupPortal"/>
  <testcase name="test_1506_6" time="10.532" classname="tests.TestExtInvSupPortal"/>
  <testcase name="test_1620" time="5.263" classname="tests.TestExtInvSupPortal"/>
  <testcase name="test_1455" time="9.177" classname="tests.TestExtInvSupPortal"/>
  <testcase name="test_1506_7" time="6.726" classname="tests.TestExtInvSupPortal"/>
  <testcase name="test_1506_8" time="7.406" classname="tests.TestExtInvSupPortal"/>
  <testcase name="test_1549" time="10.508" classname="tests.TestExtInvSupPortal"/>
</testsuite> <!-- tests.TestExtInvSupPortal -->
