<?xml version="1.0" encoding="UTF-8"?>
<!-- Generated by org.testng.reporters.JUnitReportReporter -->
<testsuite hostname="DESKTOP-HR7OA0S" name="tests.TestInvoiceHeaders" tests="4" failures="0" timestamp="25 Jan 2016 11:48:22 GMT" time="4.860" errors="0">
  <testcase name="test_1413_1427" time="3.604" classname="tests.TestInvoiceHeaders"/>
  <testcase name="test_1432" time="0.271" classname="tests.TestInvoiceHeaders"/>
  <testcase name="test_1368" time="0.610" classname="tests.TestInvoiceHeaders"/>
  <testcase name="testInvoiceHeaders" time="0.375" classname="tests.TestInvoiceHeaders"/>
</testsuite> <!-- tests.TestInvoiceHeaders -->
