<?xml version="1.0" encoding="UTF-8"?>
<!-- Generated by org.testng.reporters.JUnitReportReporter -->
<testsuite hostname="DESKTOP-HR7OA0S" name="tests.TestExtInvSupPortal" tests="1" failures="0" timestamp="27 Jan 2016 19:14:01 GMT" time="7.815" errors="0">
  <testcase name="test_1506_13" time="7.815" classname="tests.TestExtInvSupPortal"/>
</testsuite> <!-- tests.TestExtInvSupPortal -->
