<?xml version="1.0" encoding="UTF-8"?>
<!-- Generated by org.testng.reporters.JUnitReportReporter -->
<testsuite hostname="DESKTOP-HR7OA0S" name="tests.TestRetrieveInvoiceInfo" tests="4" failures="0" timestamp="28 Jan 2016 14:45:02 GMT" time="24.900" errors="0">
  <testcase name="test_1492" time="6.369" classname="tests.TestRetrieveInvoiceInfo"/>
  <testcase name="test_1463" time="6.850" classname="tests.TestRetrieveInvoiceInfo"/>
  <testcase name="test_1485" time="6.023" classname="tests.TestRetrieveInvoiceInfo"/>
  <testcase name="test_1467" time="5.658" classname="tests.TestRetrieveInvoiceInfo"/>
</testsuite> <!-- tests.TestRetrieveInvoiceInfo -->
