<?xml version="1.0" encoding="UTF-8"?>
<!-- Generated by org.testng.reporters.JUnitReportReporter -->
<testsuite hostname="DESKTOP-HR7OA0S" name="tests.TestRetrieveInvoiceInfo" tests="6" failures="0" timestamp="8 Mar 2016 12:27:20 GMT" time="60.208" errors="0">
  <testcase name="test_1492" time="9.194" classname="tests.TestRetrieveInvoiceInfo"/>
  <testcase name="test_1485" time="11.081" classname="tests.TestRetrieveInvoiceInfo"/>
  <testcase name="test_1660" time="11.523" classname="tests.TestRetrieveInvoiceInfo"/>
  <testcase name="test_1463" time="12.896" classname="tests.TestRetrieveInvoiceInfo"/>
  <testcase name="test_1670" time="5.504" classname="tests.TestRetrieveInvoiceInfo"/>
  <testcase name="test_1467" time="10.010" classname="tests.TestRetrieveInvoiceInfo"/>
</testsuite> <!-- tests.TestRetrieveInvoiceInfo -->
