<?xml version="1.0" encoding="UTF-8"?>
<!-- Generated by org.testng.reporters.JUnitReportReporter -->
<testsuite hostname="DESKTOP-HR7OA0S" name="tests.TestRetrieveInvoiceInfo" tests="4" failures="0" timestamp="1 Feb 2016 11:02:10 GMT" time="54.302" errors="0">
  <testcase name="test_1463" time="14.458" classname="tests.TestRetrieveInvoiceInfo"/>
  <testcase name="test_1485" time="13.413" classname="tests.TestRetrieveInvoiceInfo"/>
  <testcase name="test_1467" time="13.333" classname="tests.TestRetrieveInvoiceInfo"/>
  <testcase name="test_1492" time="13.098" classname="tests.TestRetrieveInvoiceInfo"/>
</testsuite> <!-- tests.TestRetrieveInvoiceInfo -->
